Analysis & Synthesis report for main
Tue Nov  4 08:18:53 2025
Quartus Prime Version 24.1std.0 Build 1077 03/04/2025 SC Lite Edition


---------------------
; Table of Contents ;
---------------------
  1. Legal Notice
  2. Analysis & Synthesis Summary
  3. Analysis & Synthesis Settings
  4. Parallel Compilation
  5. Analysis & Synthesis Source Files Read
  6. Analysis & Synthesis Resource Usage Summary
  7. Analysis & Synthesis Resource Utilization by Entity
  8. State Machine - |main|FSM_MicroInstr:Controller|state
  9. Registers Removed During Synthesis
 10. General Register Statistics
 11. Multiplexer Restructuring Statistics (Restructuring Performed)
 12. Parameter Settings for User Entity Instance: FSM_MicroInstr:Controller
 13. Port Connectivity Checks: "ProgramCounter:ProgCounter"
 14. Port Connectivity Checks: "InstructionReg:InstrReg"
 15. Port Connectivity Checks: "Accumulator_B:AccB"
 16. Port Connectivity Checks: "Accumulator_A:AccA"
 17. Post-Synthesis Netlist Statistics for Top Partition
 18. Elapsed Time Per Partition
 19. Analysis & Synthesis Messages
 20. Analysis & Synthesis Suppressed Messages



----------------
; Legal Notice ;
----------------
Copyright (C) 2025  Altera Corporation. All rights reserved.
Your use of Altera Corporation's design tools, logic functions 
and other software and tools, and any partner logic 
functions, and any output files from any of the foregoing 
(including device programming or simulation files), and any 
associated documentation or information are expressly subject 
to the terms and conditions of the Altera Program License 
Subscription Agreement, the Altera Quartus Prime License Agreement,
the Altera IP License Agreement, or other applicable license
agreement, including, without limitation, that your use is for
the sole purpose of programming logic devices manufactured by
Altera and sold by Altera or its authorized distributors.  Please
refer to the Altera Software License Subscription Agreements 
on the Quartus Prime software download page.



+--------------------------------------------------------------------------------------+
; Analysis & Synthesis Summary                                                         ;
+------------------------------------+-------------------------------------------------+
; Analysis & Synthesis Status        ; Successful - Tue Nov  4 08:18:53 2025           ;
; Quartus Prime Version              ; 24.1std.0 Build 1077 03/04/2025 SC Lite Edition ;
; Revision Name                      ; main                                            ;
; Top-level Entity Name              ; main                                            ;
; Family                             ; MAX 10                                          ;
; Total logic elements               ; 146                                             ;
;     Total combinational functions  ; 128                                             ;
;     Dedicated logic registers      ; 69                                              ;
; Total registers                    ; 69                                              ;
; Total pins                         ; 99                                              ;
; Total virtual pins                 ; 0                                               ;
; Total memory bits                  ; 0                                               ;
; Embedded Multiplier 9-bit elements ; 0                                               ;
; Total PLLs                         ; 0                                               ;
; UFM blocks                         ; 0                                               ;
; ADC blocks                         ; 0                                               ;
+------------------------------------+-------------------------------------------------+


+------------------------------------------------------------------------------------------------------------+
; Analysis & Synthesis Settings                                                                              ;
+------------------------------------------------------------------+--------------------+--------------------+
; Option                                                           ; Setting            ; Default Value      ;
+------------------------------------------------------------------+--------------------+--------------------+
; Device                                                           ; 10M50DAF484C7G     ;                    ;
; Top-level entity name                                            ; main               ; main               ;
; Family name                                                      ; MAX 10             ; Cyclone V          ;
; Use smart compilation                                            ; Off                ; Off                ;
; Enable parallel Assembler and Timing Analyzer during compilation ; On                 ; On                 ;
; Enable compact report table                                      ; Off                ; Off                ;
; Restructure Multiplexers                                         ; Auto               ; Auto               ;
; Create Debugging Nodes for IP Cores                              ; Off                ; Off                ;
; Preserve fewer node names                                        ; On                 ; On                 ;
; Intel FPGA IP Evaluation Mode                                    ; Enable             ; Enable             ;
; Verilog Version                                                  ; Verilog_2001       ; Verilog_2001       ;
; VHDL Version                                                     ; VHDL_1993          ; VHDL_1993          ;
; State Machine Processing                                         ; Auto               ; Auto               ;
; Safe State Machine                                               ; Off                ; Off                ;
; Extract Verilog State Machines                                   ; On                 ; On                 ;
; Extract VHDL State Machines                                      ; On                 ; On                 ;
; Ignore Verilog initial constructs                                ; Off                ; Off                ;
; Iteration limit for constant Verilog loops                       ; 5000               ; 5000               ;
; Iteration limit for non-constant Verilog loops                   ; 250                ; 250                ;
; Add Pass-Through Logic to Inferred RAMs                          ; On                 ; On                 ;
; Infer RAMs from Raw Logic                                        ; On                 ; On                 ;
; Parallel Synthesis                                               ; On                 ; On                 ;
; DSP Block Balancing                                              ; Auto               ; Auto               ;
; NOT Gate Push-Back                                               ; On                 ; On                 ;
; Power-Up Don't Care                                              ; On                 ; On                 ;
; Remove Redundant Logic Cells                                     ; Off                ; Off                ;
; Remove Duplicate Registers                                       ; On                 ; On                 ;
; Ignore CARRY Buffers                                             ; Off                ; Off                ;
; Ignore CASCADE Buffers                                           ; Off                ; Off                ;
; Ignore GLOBAL Buffers                                            ; Off                ; Off                ;
; Ignore ROW GLOBAL Buffers                                        ; Off                ; Off                ;
; Ignore LCELL Buffers                                             ; Off                ; Off                ;
; Ignore SOFT Buffers                                              ; On                 ; On                 ;
; Limit AHDL Integers to 32 Bits                                   ; Off                ; Off                ;
; Optimization Technique                                           ; Balanced           ; Balanced           ;
; Carry Chain Length                                               ; 70                 ; 70                 ;
; Auto Carry Chains                                                ; On                 ; On                 ;
; Auto Open-Drain Pins                                             ; On                 ; On                 ;
; Perform WYSIWYG Primitive Resynthesis                            ; Off                ; Off                ;
; Auto ROM Replacement                                             ; On                 ; On                 ;
; Auto RAM Replacement                                             ; On                 ; On                 ;
; Auto DSP Block Replacement                                       ; On                 ; On                 ;
; Auto Shift Register Replacement                                  ; Auto               ; Auto               ;
; Allow Shift Register Merging across Hierarchies                  ; Auto               ; Auto               ;
; Auto Clock Enable Replacement                                    ; On                 ; On                 ;
; Strict RAM Replacement                                           ; Off                ; Off                ;
; Allow Synchronous Control Signals                                ; On                 ; On                 ;
; Force Use of Synchronous Clear Signals                           ; Off                ; Off                ;
; Auto RAM Block Balancing                                         ; On                 ; On                 ;
; Auto RAM to Logic Cell Conversion                                ; Off                ; Off                ;
; Auto Resource Sharing                                            ; Off                ; Off                ;
; Allow Any RAM Size For Recognition                               ; Off                ; Off                ;
; Allow Any ROM Size For Recognition                               ; Off                ; Off                ;
; Allow Any Shift Register Size For Recognition                    ; Off                ; Off                ;
; Use LogicLock Constraints during Resource Balancing              ; On                 ; On                 ;
; Ignore translate_off and synthesis_off directives                ; Off                ; Off                ;
; Timing-Driven Synthesis                                          ; On                 ; On                 ;
; Report Parameter Settings                                        ; On                 ; On                 ;
; Report Source Assignments                                        ; On                 ; On                 ;
; Report Connectivity Checks                                       ; On                 ; On                 ;
; Ignore Maximum Fan-Out Assignments                               ; Off                ; Off                ;
; Synchronization Register Chain Length                            ; 2                  ; 2                  ;
; Power Optimization During Synthesis                              ; Normal compilation ; Normal compilation ;
; HDL message level                                                ; Level2             ; Level2             ;
; Suppress Register Optimization Related Messages                  ; Off                ; Off                ;
; Number of Removed Registers Reported in Synthesis Report         ; 5000               ; 5000               ;
; Number of Swept Nodes Reported in Synthesis Report               ; 5000               ; 5000               ;
; Number of Inverted Registers Reported in Synthesis Report        ; 100                ; 100                ;
; Clock MUX Protection                                             ; On                 ; On                 ;
; Auto Gated Clock Conversion                                      ; Off                ; Off                ;
; Block Design Naming                                              ; Auto               ; Auto               ;
; SDC constraint protection                                        ; Off                ; Off                ;
; Synthesis Effort                                                 ; Auto               ; Auto               ;
; Shift Register Replacement - Allow Asynchronous Clear Signal     ; On                 ; On                 ;
; Pre-Mapping Resynthesis Optimization                             ; Off                ; Off                ;
; Analysis & Synthesis Message Level                               ; Medium             ; Medium             ;
; Disable Register Merging Across Hierarchies                      ; Auto               ; Auto               ;
; Resource Aware Inference For Block RAM                           ; On                 ; On                 ;
+------------------------------------------------------------------+--------------------+--------------------+


+------------------------------------------+
; Parallel Compilation                     ;
+----------------------------+-------------+
; Processors                 ; Number      ;
+----------------------------+-------------+
; Number detected on machine ; 8           ;
; Maximum allowed            ; 4           ;
;                            ;             ;
; Average used               ; 1.00        ;
; Maximum used               ; 4           ;
;                            ;             ;
; Usage by Processor         ; % Time Used ;
;     Processor 1            ; 100.0%      ;
;     Processors 2-4         ;   0.0%      ;
+----------------------------+-------------+


+----------------------------------------------------------------------------------------------------------------------------------------------------------------------+
; Analysis & Synthesis Source Files Read                                                                                                                               ;
+----------------------------------+-----------------+------------------------------+------------------------------------------------------------------------+---------+
; File Name with User-Entered Path ; Used in Netlist ; File Type                    ; File Name with Absolute Path                                           ; Library ;
+----------------------------------+-----------------+------------------------------+------------------------------------------------------------------------+---------+
; main.v                           ; yes             ; User Verilog HDL File        ; C:/Users/Lab PC/ENCE_3100_2025/ENCE_3100_2025/Lab_08/main.v            ;         ;
; Arithmetic_Unit.v                ; yes             ; User Verilog HDL File        ; C:/Users/Lab PC/ENCE_3100_2025/ENCE_3100_2025/Lab_08/Arithmetic_Unit.v ;         ;
; InRegister.v                     ; yes             ; User Verilog HDL File        ; C:/Users/Lab PC/ENCE_3100_2025/ENCE_3100_2025/Lab_08/InRegister.v      ;         ;
; OutRegister.v                    ; yes             ; User Verilog HDL File        ; C:/Users/Lab PC/ENCE_3100_2025/ENCE_3100_2025/Lab_08/OutRegister.v     ;         ;
; InstructionReg.v                 ; yes             ; User Verilog HDL File        ; C:/Users/Lab PC/ENCE_3100_2025/ENCE_3100_2025/Lab_08/InstructionReg.v  ;         ;
; FSM_MicroInstr.v                 ; yes             ; User Verilog HDL File        ; C:/Users/Lab PC/ENCE_3100_2025/ENCE_3100_2025/Lab_08/FSM_MicroInstr.v  ;         ;
; ROM_Nx8.v                        ; yes             ; User Verilog HDL File        ; C:/Users/Lab PC/ENCE_3100_2025/ENCE_3100_2025/Lab_08/ROM_Nx8.v         ;         ;
; ProgramCounter.v                 ; yes             ; User Verilog HDL File        ; C:/Users/Lab PC/ENCE_3100_2025/ENCE_3100_2025/Lab_08/ProgramCounter.v  ;         ;
; accumulator_a.v                  ; yes             ; Auto-Found Verilog HDL File  ; C:/Users/Lab PC/ENCE_3100_2025/ENCE_3100_2025/Lab_08/accumulator_a.v   ;         ;
; seg7decoder.v                    ; yes             ; Auto-Found Verilog HDL File  ; C:/Users/Lab PC/ENCE_3100_2025/ENCE_3100_2025/Lab_08/seg7decoder.v     ;         ;
; accumulator_b.v                  ; yes             ; Auto-Found Verilog HDL File  ; C:/Users/Lab PC/ENCE_3100_2025/ENCE_3100_2025/Lab_08/accumulator_b.v   ;         ;
+----------------------------------+-----------------+------------------------------+------------------------------------------------------------------------+---------+


+-------------------------------------------------------------------+
; Analysis & Synthesis Resource Usage Summary                       ;
+---------------------------------------------+---------------------+
; Resource                                    ; Usage               ;
+---------------------------------------------+---------------------+
; Estimated Total logic elements              ; 146                 ;
;                                             ;                     ;
; Total combinational functions               ; 128                 ;
; Logic element usage by number of LUT inputs ;                     ;
;     -- 4 input functions                    ; 63                  ;
;     -- 3 input functions                    ; 18                  ;
;     -- <=2 input functions                  ; 47                  ;
;                                             ;                     ;
; Logic elements by mode                      ;                     ;
;     -- normal mode                          ; 85                  ;
;     -- arithmetic mode                      ; 43                  ;
;                                             ;                     ;
; Total registers                             ; 69                  ;
;     -- Dedicated logic registers            ; 69                  ;
;     -- I/O registers                        ; 0                   ;
;                                             ;                     ;
; I/O pins                                    ; 99                  ;
;                                             ;                     ;
; Embedded Multiplier 9-bit elements          ; 0                   ;
;                                             ;                     ;
; Maximum fan-out node                        ; MAX10_CLK1_50~input ;
; Maximum fan-out                             ; 46                  ;
; Total fan-out                               ; 788                 ;
; Average fan-out                             ; 1.83                ;
+---------------------------------------------+---------------------+


+----------------------------------------------------------------------------------------------------------------------------------------------------------------------------------------------------------------------------------------------------------+
; Analysis & Synthesis Resource Utilization by Entity                                                                                                                                                                                                      ;
+---------------------------------+---------------------+---------------------------+-------------+------------+--------------+---------+-----------+------+--------------+------------+----------------------------------+-----------------+--------------+
; Compilation Hierarchy Node      ; Combinational ALUTs ; Dedicated Logic Registers ; Memory Bits ; UFM Blocks ; DSP Elements ; DSP 9x9 ; DSP 18x18 ; Pins ; Virtual Pins ; ADC blocks ; Full Hierarchy Name              ; Entity Name     ; Library Name ;
+---------------------------------+---------------------+---------------------------+-------------+------------+--------------+---------+-----------+------+--------------+------------+----------------------------------+-----------------+--------------+
; |main                           ; 128 (0)             ; 69 (0)                    ; 0           ; 0          ; 0            ; 0       ; 0         ; 99   ; 0            ; 0          ; |main                            ; main            ; work         ;
;    |Accumulator_A:AccA|         ; 10 (10)             ; 4 (4)                     ; 0           ; 0          ; 0            ; 0       ; 0         ; 0    ; 0            ; 0          ; |main|Accumulator_A:AccA         ; Accumulator_A   ; work         ;
;    |Accumulator_B:AccB|         ; 0 (0)               ; 4 (4)                     ; 0           ; 0          ; 0            ; 0       ; 0         ; 0    ; 0            ; 0          ; |main|Accumulator_B:AccB         ; Accumulator_B   ; work         ;
;    |Arithmetic_Unit:ALU|        ; 10 (10)             ; 0 (0)                     ; 0           ; 0          ; 0            ; 0       ; 0         ; 0    ; 0            ; 0          ; |main|Arithmetic_Unit:ALU        ; Arithmetic_Unit ; work         ;
;    |FSM_MicroInstr:Controller|  ; 8 (8)               ; 5 (5)                     ; 0           ; 0          ; 0            ; 0       ; 0         ; 0    ; 0            ; 0          ; |main|FSM_MicroInstr:Controller  ; FSM_MicroInstr  ; work         ;
;    |InstructionReg:InstrReg|    ; 3 (3)               ; 3 (3)                     ; 0           ; 0          ; 0            ; 0       ; 0         ; 0    ; 0            ; 0          ; |main|InstructionReg:InstrReg    ; InstructionReg  ; work         ;
;    |OutRegister:OutReg|         ; 0 (0)               ; 4 (4)                     ; 0           ; 0          ; 0            ; 0       ; 0         ; 0    ; 0            ; 0          ; |main|OutRegister:OutReg         ; OutRegister     ; work         ;
;    |ProgramCounter:ProgCounter| ; 3 (3)               ; 3 (3)                     ; 0           ; 0          ; 0            ; 0       ; 0         ; 0    ; 0            ; 0          ; |main|ProgramCounter:ProgCounter ; ProgramCounter  ; work         ;
;    |debounce_clock:db_clock|    ; 30 (30)             ; 24 (24)                   ; 0           ; 0          ; 0            ; 0       ; 0         ; 0    ; 0            ; 0          ; |main|debounce_clock:db_clock    ; debounce_clock  ; work         ;
;    |debounce_reset:db_reset|    ; 29 (29)             ; 22 (22)                   ; 0           ; 0          ; 0            ; 0       ; 0         ; 0    ; 0            ; 0          ; |main|debounce_reset:db_reset    ; debounce_reset  ; work         ;
;    |seg7Decoder:SEG0|           ; 7 (7)               ; 0 (0)                     ; 0           ; 0          ; 0            ; 0       ; 0         ; 0    ; 0            ; 0          ; |main|seg7Decoder:SEG0           ; seg7Decoder     ; work         ;
;    |seg7Decoder:SEG1|           ; 7 (7)               ; 0 (0)                     ; 0           ; 0          ; 0            ; 0       ; 0         ; 0    ; 0            ; 0          ; |main|seg7Decoder:SEG1           ; seg7Decoder     ; work         ;
;    |seg7Decoder:SEG2|           ; 7 (7)               ; 0 (0)                     ; 0           ; 0          ; 0            ; 0       ; 0         ; 0    ; 0            ; 0          ; |main|seg7Decoder:SEG2           ; seg7Decoder     ; work         ;
;    |seg7Decoder:SEG4|           ; 7 (7)               ; 0 (0)                     ; 0           ; 0          ; 0            ; 0       ; 0         ; 0    ; 0            ; 0          ; |main|seg7Decoder:SEG4           ; seg7Decoder     ; work         ;
;    |seg7Decoder:SEG5|           ; 7 (7)               ; 0 (0)                     ; 0           ; 0          ; 0            ; 0       ; 0         ; 0    ; 0            ; 0          ; |main|seg7Decoder:SEG5           ; seg7Decoder     ; work         ;
+---------------------------------+---------------------+---------------------------+-------------+------------+--------------+---------+-----------+------+--------------+------------+----------------------------------+-----------------+--------------+
Note: For table entries with two numbers listed, the numbers in parentheses indicate the number of resources of the given type used by the specific entity alone. The numbers listed outside of parentheses indicate the total resources of the given type used by the specific entity and all of its sub-entities in the hierarchy.


Encoding Type:  One-Hot
+--------------------------------------------------------------------------------------------+
; State Machine - |main|FSM_MicroInstr:Controller|state                                      ;
+---------------+---------------+---------------+---------------+------------+---------------+
; Name          ; state.PHASE_3 ; state.PHASE_2 ; state.PHASE_1 ; state.IDLE ; state.PHASE_4 ;
+---------------+---------------+---------------+---------------+------------+---------------+
; state.IDLE    ; 0             ; 0             ; 0             ; 0          ; 0             ;
; state.PHASE_1 ; 0             ; 0             ; 1             ; 1          ; 0             ;
; state.PHASE_2 ; 0             ; 1             ; 0             ; 1          ; 0             ;
; state.PHASE_3 ; 1             ; 0             ; 0             ; 1          ; 0             ;
; state.PHASE_4 ; 0             ; 0             ; 0             ; 1          ; 1             ;
+---------------+---------------+---------------+---------------+------------+---------------+


+--------------------------------------------------------------------------------+
; Registers Removed During Synthesis                                             ;
+---------------------------------------+----------------------------------------+
; Register name                         ; Reason for Removal                     ;
+---------------------------------------+----------------------------------------+
; InstructionReg:InstrReg|regInstr[3]   ; Stuck at GND due to stuck port data_in ;
; FSM_MicroInstr:Controller|state~4     ; Lost fanout                            ;
; FSM_MicroInstr:Controller|state~5     ; Lost fanout                            ;
; ProgramCounter:ProgCounter|Counter[3] ; Lost fanout                            ;
; Total Number of Removed Registers = 4 ;                                        ;
+---------------------------------------+----------------------------------------+


+------------------------------------------------------+
; General Register Statistics                          ;
+----------------------------------------------+-------+
; Statistic                                    ; Value ;
+----------------------------------------------+-------+
; Total registers                              ; 69    ;
; Number of registers using Synchronous Clear  ; 40    ;
; Number of registers using Synchronous Load   ; 0     ;
; Number of registers using Asynchronous Clear ; 23    ;
; Number of registers using Asynchronous Load  ; 0     ;
; Number of registers using Clock Enable       ; 16    ;
; Number of registers using Preset             ; 0     ;
+----------------------------------------------+-------+


+-------------------------------------------------------------------------------------------------------------------------------------------------------+
; Multiplexer Restructuring Statistics (Restructuring Performed)                                                                                        ;
+--------------------+-----------+---------------+----------------------+------------------------+------------+-----------------------------------------+
; Multiplexer Inputs ; Bus Width ; Baseline Area ; Area if Restructured ; Saving if Restructured ; Registered ; Example Multiplexer Output              ;
+--------------------+-----------+---------------+----------------------+------------------------+------------+-----------------------------------------+
; 3:1                ; 20 bits   ; 40 LEs        ; 20 LEs               ; 20 LEs                 ; Yes        ; |main|debounce_reset:db_reset|count[4]  ;
; 3:1                ; 20 bits   ; 40 LEs        ; 20 LEs               ; 20 LEs                 ; Yes        ; |main|debounce_clock:db_clock|count[16] ;
+--------------------+-----------+---------------+----------------------+------------------------+------------+-----------------------------------------+


+------------------------------------------------------------------------+
; Parameter Settings for User Entity Instance: FSM_MicroInstr:Controller ;
+----------------+-------+-----------------------------------------------+
; Parameter Name ; Value ; Type                                          ;
+----------------+-------+-----------------------------------------------+
; N              ; 4     ; Signed Integer                                ;
+----------------+-------+-----------------------------------------------+
Note: In order to hide this table in the UI and the text report file, please set the "Show Parameter Settings in Synthesis Report" option in "Analysis and Synthesis Settings -> More Settings" to "Off".


+----------------------------------------------------------------------------------------------------------------------+
; Port Connectivity Checks: "ProgramCounter:ProgCounter"                                                               ;
+------------+--------+----------+-------------------------------------------------------------------------------------+
; Port       ; Type   ; Severity ; Details                                                                             ;
+------------+--------+----------+-------------------------------------------------------------------------------------+
; Counter[3] ; Output ; Info     ; Connected to dangling logic. Logic that only feeds a dangling port will be removed. ;
+------------+--------+----------+-------------------------------------------------------------------------------------+


+-----------------------------------------------------------------------------------------------------------------+
; Port Connectivity Checks: "InstructionReg:InstrReg"                                                             ;
+-------+--------+----------+-------------------------------------------------------------------------------------+
; Port  ; Type   ; Severity ; Details                                                                             ;
+-------+--------+----------+-------------------------------------------------------------------------------------+
; Instr ; Output ; Info     ; Connected to dangling logic. Logic that only feeds a dangling port will be removed. ;
+-------+--------+----------+-------------------------------------------------------------------------------------+


+---------------------------------------------------+
; Port Connectivity Checks: "Accumulator_B:AccB"    ;
+------+--------+----------+------------------------+
; Port ; Type   ; Severity ; Details                ;
+------+--------+----------+------------------------+
; B    ; Output ; Info     ; Explicitly unconnected ;
+------+--------+----------+------------------------+


+---------------------------------------------------+
; Port Connectivity Checks: "Accumulator_A:AccA"    ;
+------+--------+----------+------------------------+
; Port ; Type   ; Severity ; Details                ;
+------+--------+----------+------------------------+
; A    ; Output ; Info     ; Explicitly unconnected ;
+------+--------+----------+------------------------+


+-----------------------------------------------------+
; Post-Synthesis Netlist Statistics for Top Partition ;
+-----------------------+-----------------------------+
; Type                  ; Count                       ;
+-----------------------+-----------------------------+
; boundary_port         ; 99                          ;
; cycloneiii_ff         ; 69                          ;
;     CLR               ; 7                           ;
;     ENA CLR           ; 16                          ;
;     SCLR              ; 40                          ;
;     plain             ; 6                           ;
; cycloneiii_io_obuf    ; 36                          ;
; cycloneiii_lcell_comb ; 135                         ;
;     arith             ; 43                          ;
;         2 data inputs ; 38                          ;
;         3 data inputs ; 5                           ;
;     normal            ; 92                          ;
;         0 data inputs ; 2                           ;
;         1 data inputs ; 8                           ;
;         2 data inputs ; 6                           ;
;         3 data inputs ; 13                          ;
;         4 data inputs ; 63                          ;
;                       ;                             ;
; Max LUT depth         ; 7.00                        ;
; Average LUT depth     ; 2.73                        ;
+-----------------------+-----------------------------+


+-------------------------------+
; Elapsed Time Per Partition    ;
+----------------+--------------+
; Partition Name ; Elapsed Time ;
+----------------+--------------+
; Top            ; 00:00:00     ;
+----------------+--------------+


+-------------------------------+
; Analysis & Synthesis Messages ;
+-------------------------------+
Info: *******************************************************************
Info: Running Quartus Prime Analysis & Synthesis
    Info: Version 24.1std.0 Build 1077 03/04/2025 SC Lite Edition
    Info: Processing started: Tue Nov  4 08:18:44 2025
Info: Command: quartus_map --read_settings_files=on --write_settings_files=off main -c main
Warning (18236): Number of processors has not been specified which may cause overloading on shared machines.  Set the global assignment NUM_PARALLEL_PROCESSORS in your QSF to an appropriate value for best performance.
Info (20030): Parallel compilation is enabled and will use 4 of the 4 processors detected
Info (12021): Found 3 design units, including 3 entities, in source file main.v
    Info (12023): Found entity 1: main File: C:/Users/Lab PC/ENCE_3100_2025/ENCE_3100_2025/Lab_08/main.v Line: 4
    Info (12023): Found entity 2: debounce_reset File: C:/Users/Lab PC/ENCE_3100_2025/ENCE_3100_2025/Lab_08/main.v Line: 204
    Info (12023): Found entity 3: debounce_clock File: C:/Users/Lab PC/ENCE_3100_2025/ENCE_3100_2025/Lab_08/main.v Line: 225
Warning (12019): Can't analyze file -- file output_files/encoder_reader.v is missing
Warning (12019): Can't analyze file -- file rotary_encoder_1x.v is missing
Warning (12019): Can't analyze file -- file Acculumator_A.v is missing
Warning (12019): Can't analyze file -- file Acculumator_B.v is missing
Info (12021): Found 1 design units, including 1 entities, in source file arithmetic_unit.v
    Info (12023): Found entity 1: Arithmetic_Unit File: C:/Users/Lab PC/ENCE_3100_2025/ENCE_3100_2025/Lab_08/Arithmetic_Unit.v Line: 4
Info (12021): Found 1 design units, including 1 entities, in source file inregister.v
    Info (12023): Found entity 1: InRegister File: C:/Users/Lab PC/ENCE_3100_2025/ENCE_3100_2025/Lab_08/InRegister.v Line: 4
Info (12021): Found 1 design units, including 1 entities, in source file outregister.v
    Info (12023): Found entity 1: OutRegister File: C:/Users/Lab PC/ENCE_3100_2025/ENCE_3100_2025/Lab_08/OutRegister.v Line: 4
Info (12021): Found 1 design units, including 1 entities, in source file instructionreg.v
    Info (12023): Found entity 1: InstructionReg File: C:/Users/Lab PC/ENCE_3100_2025/ENCE_3100_2025/Lab_08/InstructionReg.v Line: 4
Warning (12019): Can't analyze file -- file output_files/main.v is missing
Warning (12019): Can't analyze file -- file Memory_Nx8.v is missing
Info (12021): Found 1 design units, including 1 entities, in source file fsm_microinstr.v
    Info (12023): Found entity 1: FSM_MicroInstr File: C:/Users/Lab PC/ENCE_3100_2025/ENCE_3100_2025/Lab_08/FSM_MicroInstr.v Line: 4
Info (12021): Found 1 design units, including 1 entities, in source file rom_nx8.v
    Info (12023): Found entity 1: ROM_Nx8 File: C:/Users/Lab PC/ENCE_3100_2025/ENCE_3100_2025/Lab_08/ROM_Nx8.v Line: 4
Info (12021): Found 1 design units, including 1 entities, in source file programcounter.v
    Info (12023): Found entity 1: ProgramCounter File: C:/Users/Lab PC/ENCE_3100_2025/ENCE_3100_2025/Lab_08/ProgramCounter.v Line: 4
Warning (12019): Can't analyze file -- file UART_Debugger.v is missing
Info (12127): Elaborating entity "main" for the top level hierarchy
Warning (10858): Verilog HDL warning at main.v(196): object uart_tx_signal used but never assigned File: C:/Users/Lab PC/ENCE_3100_2025/ENCE_3100_2025/Lab_08/main.v Line: 196
Warning (10030): Net "uart_tx_signal" at main.v(196) has no driver or initial value, using a default initial value '0' File: C:/Users/Lab PC/ENCE_3100_2025/ENCE_3100_2025/Lab_08/main.v Line: 196
Warning (10034): Output port "LEDR[8..4]" at main.v(9) has no driver File: C:/Users/Lab PC/ENCE_3100_2025/ENCE_3100_2025/Lab_08/main.v Line: 9
Info (12128): Elaborating entity "debounce_reset" for hierarchy "debounce_reset:db_reset" File: C:/Users/Lab PC/ENCE_3100_2025/ENCE_3100_2025/Lab_08/main.v Line: 31
Warning (10230): Verilog HDL assignment warning at main.v(216): truncated value with size 32 to match size of target (20) File: C:/Users/Lab PC/ENCE_3100_2025/ENCE_3100_2025/Lab_08/main.v Line: 216
Info (12128): Elaborating entity "debounce_clock" for hierarchy "debounce_clock:db_clock" File: C:/Users/Lab PC/ENCE_3100_2025/ENCE_3100_2025/Lab_08/main.v Line: 37
Warning (10230): Verilog HDL assignment warning at main.v(237): truncated value with size 32 to match size of target (20) File: C:/Users/Lab PC/ENCE_3100_2025/ENCE_3100_2025/Lab_08/main.v Line: 237
Warning (12125): Using design file accumulator_a.v, which is not specified as a design file for the current project, but contains definitions for 1 design units and 1 entities in project
    Info (12023): Found entity 1: Accumulator_A File: C:/Users/Lab PC/ENCE_3100_2025/ENCE_3100_2025/Lab_08/accumulator_a.v Line: 4
Info (12128): Elaborating entity "Accumulator_A" for hierarchy "Accumulator_A:AccA" File: C:/Users/Lab PC/ENCE_3100_2025/ENCE_3100_2025/Lab_08/main.v Line: 80
Warning (12125): Using design file seg7decoder.v, which is not specified as a design file for the current project, but contains definitions for 1 design units and 1 entities in project
    Info (12023): Found entity 1: seg7Decoder File: C:/Users/Lab PC/ENCE_3100_2025/ENCE_3100_2025/Lab_08/seg7decoder.v Line: 4
Info (12128): Elaborating entity "seg7Decoder" for hierarchy "seg7Decoder:SEG1" File: C:/Users/Lab PC/ENCE_3100_2025/ENCE_3100_2025/Lab_08/main.v Line: 81
Warning (12125): Using design file accumulator_b.v, which is not specified as a design file for the current project, but contains definitions for 1 design units and 1 entities in project
    Info (12023): Found entity 1: Accumulator_B File: C:/Users/Lab PC/ENCE_3100_2025/ENCE_3100_2025/Lab_08/accumulator_b.v Line: 4
Info (12128): Elaborating entity "Accumulator_B" for hierarchy "Accumulator_B:AccB" File: C:/Users/Lab PC/ENCE_3100_2025/ENCE_3100_2025/Lab_08/main.v Line: 95
Info (12128): Elaborating entity "Arithmetic_Unit" for hierarchy "Arithmetic_Unit:ALU" File: C:/Users/Lab PC/ENCE_3100_2025/ENCE_3100_2025/Lab_08/main.v Line: 108
Info (12128): Elaborating entity "InRegister" for hierarchy "InRegister:InReg" File: C:/Users/Lab PC/ENCE_3100_2025/ENCE_3100_2025/Lab_08/main.v Line: 117
Info (12128): Elaborating entity "OutRegister" for hierarchy "OutRegister:OutReg" File: C:/Users/Lab PC/ENCE_3100_2025/ENCE_3100_2025/Lab_08/main.v Line: 129
Info (12128): Elaborating entity "InstructionReg" for hierarchy "InstructionReg:InstrReg" File: C:/Users/Lab PC/ENCE_3100_2025/ENCE_3100_2025/Lab_08/main.v Line: 146
Warning (10034): Output port "Instr" at InstructionReg.v(10) has no driver File: C:/Users/Lab PC/ENCE_3100_2025/ENCE_3100_2025/Lab_08/InstructionReg.v Line: 10
Info (12128): Elaborating entity "ProgramCounter" for hierarchy "ProgramCounter:ProgCounter" File: C:/Users/Lab PC/ENCE_3100_2025/ENCE_3100_2025/Lab_08/main.v Line: 157
Info (12128): Elaborating entity "ROM_Nx8" for hierarchy "ROM_Nx8:ROM" File: C:/Users/Lab PC/ENCE_3100_2025/ENCE_3100_2025/Lab_08/main.v Line: 163
Info (12128): Elaborating entity "FSM_MicroInstr" for hierarchy "FSM_MicroInstr:Controller" File: C:/Users/Lab PC/ENCE_3100_2025/ENCE_3100_2025/Lab_08/main.v Line: 185
Warning (13039): The following bidirectional pins have no drivers
    Warning (13040): bidirectional pin "GPIO[0]" has no driver File: C:/Users/Lab PC/ENCE_3100_2025/ENCE_3100_2025/Lab_08/main.v Line: 8
    Warning (13040): bidirectional pin "GPIO[1]" has no driver File: C:/Users/Lab PC/ENCE_3100_2025/ENCE_3100_2025/Lab_08/main.v Line: 8
    Warning (13040): bidirectional pin "GPIO[2]" has no driver File: C:/Users/Lab PC/ENCE_3100_2025/ENCE_3100_2025/Lab_08/main.v Line: 8
    Warning (13040): bidirectional pin "GPIO[3]" has no driver File: C:/Users/Lab PC/ENCE_3100_2025/ENCE_3100_2025/Lab_08/main.v Line: 8
    Warning (13040): bidirectional pin "GPIO[4]" has no driver File: C:/Users/Lab PC/ENCE_3100_2025/ENCE_3100_2025/Lab_08/main.v Line: 8
    Warning (13040): bidirectional pin "GPIO[5]" has no driver File: C:/Users/Lab PC/ENCE_3100_2025/ENCE_3100_2025/Lab_08/main.v Line: 8
    Warning (13040): bidirectional pin "GPIO[6]" has no driver File: C:/Users/Lab PC/ENCE_3100_2025/ENCE_3100_2025/Lab_08/main.v Line: 8
    Warning (13040): bidirectional pin "GPIO[7]" has no driver File: C:/Users/Lab PC/ENCE_3100_2025/ENCE_3100_2025/Lab_08/main.v Line: 8
    Warning (13040): bidirectional pin "GPIO[8]" has no driver File: C:/Users/Lab PC/ENCE_3100_2025/ENCE_3100_2025/Lab_08/main.v Line: 8
    Warning (13040): bidirectional pin "GPIO[9]" has no driver File: C:/Users/Lab PC/ENCE_3100_2025/ENCE_3100_2025/Lab_08/main.v Line: 8
    Warning (13040): bidirectional pin "GPIO[10]" has no driver File: C:/Users/Lab PC/ENCE_3100_2025/ENCE_3100_2025/Lab_08/main.v Line: 8
    Warning (13040): bidirectional pin "GPIO[11]" has no driver File: C:/Users/Lab PC/ENCE_3100_2025/ENCE_3100_2025/Lab_08/main.v Line: 8
    Warning (13040): bidirectional pin "GPIO[12]" has no driver File: C:/Users/Lab PC/ENCE_3100_2025/ENCE_3100_2025/Lab_08/main.v Line: 8
    Warning (13040): bidirectional pin "GPIO[13]" has no driver File: C:/Users/Lab PC/ENCE_3100_2025/ENCE_3100_2025/Lab_08/main.v Line: 8
    Warning (13040): bidirectional pin "GPIO[14]" has no driver File: C:/Users/Lab PC/ENCE_3100_2025/ENCE_3100_2025/Lab_08/main.v Line: 8
    Warning (13040): bidirectional pin "GPIO[15]" has no driver File: C:/Users/Lab PC/ENCE_3100_2025/ENCE_3100_2025/Lab_08/main.v Line: 8
    Warning (13040): bidirectional pin "GPIO[16]" has no driver File: C:/Users/Lab PC/ENCE_3100_2025/ENCE_3100_2025/Lab_08/main.v Line: 8
    Warning (13040): bidirectional pin "GPIO[17]" has no driver File: C:/Users/Lab PC/ENCE_3100_2025/ENCE_3100_2025/Lab_08/main.v Line: 8
    Warning (13040): bidirectional pin "GPIO[18]" has no driver File: C:/Users/Lab PC/ENCE_3100_2025/ENCE_3100_2025/Lab_08/main.v Line: 8
    Warning (13040): bidirectional pin "GPIO[19]" has no driver File: C:/Users/Lab PC/ENCE_3100_2025/ENCE_3100_2025/Lab_08/main.v Line: 8
    Warning (13040): bidirectional pin "GPIO[20]" has no driver File: C:/Users/Lab PC/ENCE_3100_2025/ENCE_3100_2025/Lab_08/main.v Line: 8
    Warning (13040): bidirectional pin "GPIO[21]" has no driver File: C:/Users/Lab PC/ENCE_3100_2025/ENCE_3100_2025/Lab_08/main.v Line: 8
    Warning (13040): bidirectional pin "GPIO[22]" has no driver File: C:/Users/Lab PC/ENCE_3100_2025/ENCE_3100_2025/Lab_08/main.v Line: 8
    Warning (13040): bidirectional pin "GPIO[23]" has no driver File: C:/Users/Lab PC/ENCE_3100_2025/ENCE_3100_2025/Lab_08/main.v Line: 8
    Warning (13040): bidirectional pin "GPIO[24]" has no driver File: C:/Users/Lab PC/ENCE_3100_2025/ENCE_3100_2025/Lab_08/main.v Line: 8
    Warning (13040): bidirectional pin "GPIO[25]" has no driver File: C:/Users/Lab PC/ENCE_3100_2025/ENCE_3100_2025/Lab_08/main.v Line: 8
    Warning (13040): bidirectional pin "GPIO[26]" has no driver File: C:/Users/Lab PC/ENCE_3100_2025/ENCE_3100_2025/Lab_08/main.v Line: 8
    Warning (13040): bidirectional pin "GPIO[27]" has no driver File: C:/Users/Lab PC/ENCE_3100_2025/ENCE_3100_2025/Lab_08/main.v Line: 8
    Warning (13040): bidirectional pin "GPIO[28]" has no driver File: C:/Users/Lab PC/ENCE_3100_2025/ENCE_3100_2025/Lab_08/main.v Line: 8
    Warning (13040): bidirectional pin "GPIO[29]" has no driver File: C:/Users/Lab PC/ENCE_3100_2025/ENCE_3100_2025/Lab_08/main.v Line: 8
    Warning (13040): bidirectional pin "GPIO[30]" has no driver File: C:/Users/Lab PC/ENCE_3100_2025/ENCE_3100_2025/Lab_08/main.v Line: 8
    Warning (13040): bidirectional pin "GPIO[31]" has no driver File: C:/Users/Lab PC/ENCE_3100_2025/ENCE_3100_2025/Lab_08/main.v Line: 8
    Warning (13040): bidirectional pin "GPIO[32]" has no driver File: C:/Users/Lab PC/ENCE_3100_2025/ENCE_3100_2025/Lab_08/main.v Line: 8
    Warning (13040): bidirectional pin "GPIO[34]" has no driver File: C:/Users/Lab PC/ENCE_3100_2025/ENCE_3100_2025/Lab_08/main.v Line: 8
    Warning (13040): bidirectional pin "GPIO[35]" has no driver File: C:/Users/Lab PC/ENCE_3100_2025/ENCE_3100_2025/Lab_08/main.v Line: 8
Warning (13032): The following tri-state nodes are fed by constants
    Warning (13033): The pin "GPIO[33]" is fed by GND File: C:/Users/Lab PC/ENCE_3100_2025/ENCE_3100_2025/Lab_08/main.v Line: 8
Warning (13027): Removed fan-outs from the following always-disabled I/O buffers
    Warning (13028): Removed fan-out from the always-disabled I/O buffer "Accumulator_B:AccB|IB_BUS[0]" to the node "seg7Decoder:SEG0|WideOr6" File: C:/Users/Lab PC/ENCE_3100_2025/ENCE_3100_2025/Lab_08/accumulator_b.v Line: 9
    Warning (13028): Removed fan-out from the always-disabled I/O buffer "Accumulator_B:AccB|IB_BUS[1]" to the node "seg7Decoder:SEG0|WideOr6" File: C:/Users/Lab PC/ENCE_3100_2025/ENCE_3100_2025/Lab_08/accumulator_b.v Line: 9
    Warning (13028): Removed fan-out from the always-disabled I/O buffer "Accumulator_B:AccB|IB_BUS[2]" to the node "seg7Decoder:SEG0|WideOr6" File: C:/Users/Lab PC/ENCE_3100_2025/ENCE_3100_2025/Lab_08/accumulator_b.v Line: 9
    Warning (13028): Removed fan-out from the always-disabled I/O buffer "Accumulator_B:AccB|IB_BUS[3]" to the node "seg7Decoder:SEG0|WideOr6" File: C:/Users/Lab PC/ENCE_3100_2025/ENCE_3100_2025/Lab_08/accumulator_b.v Line: 9
Warning (13046): Tri-state node(s) do not directly drive top-level pin(s)
    Warning (13047): Converted the fan-out from the tri-state buffer "Accumulator_A:AccA|IB_BUS[0]" to the node "seg7Decoder:SEG0|WideOr6" into an OR gate File: C:/Users/Lab PC/ENCE_3100_2025/ENCE_3100_2025/Lab_08/accumulator_a.v Line: 9
    Warning (13047): Converted the fan-out from the tri-state buffer "Accumulator_A:AccA|IB_BUS[1]" to the node "seg7Decoder:SEG0|WideOr6" into an OR gate File: C:/Users/Lab PC/ENCE_3100_2025/ENCE_3100_2025/Lab_08/accumulator_a.v Line: 9
    Warning (13047): Converted the fan-out from the tri-state buffer "Accumulator_A:AccA|IB_BUS[2]" to the node "seg7Decoder:SEG0|WideOr6" into an OR gate File: C:/Users/Lab PC/ENCE_3100_2025/ENCE_3100_2025/Lab_08/accumulator_a.v Line: 9
    Warning (13047): Converted the fan-out from the tri-state buffer "InstructionReg:InstrReg|IB_BUS[3]" to the node "seg7Decoder:SEG0|WideOr6" into an OR gate File: C:/Users/Lab PC/ENCE_3100_2025/ENCE_3100_2025/Lab_08/InstructionReg.v Line: 13
Warning (13024): Output pins are stuck at VCC or GND
    Warning (13410): Pin "LEDR[4]" is stuck at GND File: C:/Users/Lab PC/ENCE_3100_2025/ENCE_3100_2025/Lab_08/main.v Line: 9
    Warning (13410): Pin "LEDR[5]" is stuck at GND File: C:/Users/Lab PC/ENCE_3100_2025/ENCE_3100_2025/Lab_08/main.v Line: 9
    Warning (13410): Pin "LEDR[6]" is stuck at GND File: C:/Users/Lab PC/ENCE_3100_2025/ENCE_3100_2025/Lab_08/main.v Line: 9
    Warning (13410): Pin "LEDR[7]" is stuck at GND File: C:/Users/Lab PC/ENCE_3100_2025/ENCE_3100_2025/Lab_08/main.v Line: 9
    Warning (13410): Pin "LEDR[8]" is stuck at GND File: C:/Users/Lab PC/ENCE_3100_2025/ENCE_3100_2025/Lab_08/main.v Line: 9
    Warning (13410): Pin "HEX0[7]" is stuck at VCC File: C:/Users/Lab PC/ENCE_3100_2025/ENCE_3100_2025/Lab_08/main.v Line: 10
    Warning (13410): Pin "HEX1[7]" is stuck at VCC File: C:/Users/Lab PC/ENCE_3100_2025/ENCE_3100_2025/Lab_08/main.v Line: 11
    Warning (13410): Pin "HEX2[7]" is stuck at VCC File: C:/Users/Lab PC/ENCE_3100_2025/ENCE_3100_2025/Lab_08/main.v Line: 12
    Warning (13410): Pin "HEX4[7]" is stuck at VCC File: C:/Users/Lab PC/ENCE_3100_2025/ENCE_3100_2025/Lab_08/main.v Line: 13
    Warning (13410): Pin "HEX5[7]" is stuck at VCC File: C:/Users/Lab PC/ENCE_3100_2025/ENCE_3100_2025/Lab_08/main.v Line: 15
Info (286030): Timing-Driven Synthesis is running
Info (17049): 3 registers lost all their fanouts during netlist optimizations.
Warning (20013): Ignored 24 assignments for entity "DE10_LITE_Golden_Top" -- entity does not exist in design
    Warning (20014): Assignment for entity set_instance_assignment -name PARTITION_HIERARCHY root_partition -to | -entity DE10_LITE_Golden_Top -section_id Top was ignored
    Warning (20014): Assignment for entity set_global_assignment -name PARTITION_NETLIST_TYPE SOURCE -entity DE10_LITE_Golden_Top -section_id Top was ignored
    Warning (20014): Assignment for entity set_global_assignment -name PARTITION_FITTER_PRESERVATION_LEVEL PLACEMENT_AND_ROUTING -entity DE10_LITE_Golden_Top -section_id Top was ignored
    Warning (20014): Assignment for entity set_global_assignment -name PARTITION_PRESERVE_HIGH_SPEED_TILES ON -entity DE10_LITE_Golden_Top -section_id Top was ignored
    Warning (20014): Assignment for entity set_global_assignment -name PARTITION_IGNORE_SOURCE_FILE_CHANGES OFF -entity DE10_LITE_Golden_Top -section_id Top was ignored
    Warning (20014): Assignment for entity set_global_assignment -name PARTITION_ALWAYS_USE_QXP_NETLIST OFF -entity DE10_LITE_Golden_Top -section_id Top was ignored
    Warning (20014): Assignment for entity set_global_assignment -name PARTITION_COLOR 16764057 -entity DE10_LITE_Golden_Top -section_id Top was ignored
    Warning (20014): Assignment for entity set_global_assignment -name PARTITION_IMPORT_ASSIGNMENTS ON -entity DE10_LITE_Golden_Top -section_id Top was ignored
    Warning (20014): Assignment for entity set_global_assignment -name PARTITION_IMPORT_EXISTING_ASSIGNMENTS REPLACE_CONFLICTING -entity DE10_LITE_Golden_Top -section_id Top was ignored
    Warning (20014): Assignment for entity set_global_assignment -name PARTITION_IMPORT_EXISTING_LOGICLOCK_REGIONS UPDATE_CONFLICTING -entity DE10_LITE_Golden_Top -section_id Top was ignored
    Warning (20014): Assignment for entity set_global_assignment -name PARTITION_IMPORT_PIN_ASSIGNMENTS ON -entity DE10_LITE_Golden_Top -section_id Top was ignored
    Warning (20014): Assignment for entity set_global_assignment -name PARTITION_IMPORT_PROMOTE_ASSIGNMENTS ON -entity DE10_LITE_Golden_Top -section_id Top was ignored
    Warning (20014): Assignment for entity set_global_assignment -name PARTITION_TYPE STANDARD_PARTITION -entity DE10_LITE_Golden_Top -section_id Top was ignored
    Warning (20014): Assignment for entity set_global_assignment -name ALLOW_MULTIPLE_PERSONAS OFF -entity DE10_LITE_Golden_Top -section_id Top was ignored
    Warning (20014): Assignment for entity set_global_assignment -name PARTITION_ASD_REGION_ID 1 -entity DE10_LITE_Golden_Top -section_id Top was ignored
    Warning (20014): Assignment for entity set_global_assignment -name CROSS_BOUNDARY_OPTIMIZATIONS OFF -entity DE10_LITE_Golden_Top -section_id Top was ignored
    Warning (20014): Assignment for entity set_global_assignment -name PROPAGATE_CONSTANTS_ON_INPUTS ON -entity DE10_LITE_Golden_Top -section_id Top was ignored
    Warning (20014): Assignment for entity set_global_assignment -name PROPAGATE_INVERSIONS_ON_INPUTS ON -entity DE10_LITE_Golden_Top -section_id Top was ignored
    Warning (20014): Assignment for entity set_global_assignment -name REMOVE_LOGIC_ON_UNCONNECTED_OUTPUTS ON -entity DE10_LITE_Golden_Top -section_id Top was ignored
    Warning (20014): Assignment for entity set_global_assignment -name MERGE_EQUIVALENT_INPUTS ON -entity DE10_LITE_Golden_Top -section_id Top was ignored
    Warning (20014): Assignment for entity set_global_assignment -name MERGE_EQUIVALENT_BIDIRS ON -entity DE10_LITE_Golden_Top -section_id Top was ignored
    Warning (20014): Assignment for entity set_global_assignment -name ABSORB_PATHS_FROM_OUTPUTS_TO_INPUTS ON -entity DE10_LITE_Golden_Top -section_id Top was ignored
    Warning (20014): Assignment for entity set_global_assignment -name PARTITION_EXTRACT_HARD_BLOCK_NODES ON -entity DE10_LITE_Golden_Top -section_id Top was ignored
    Warning (20014): Assignment for entity set_global_assignment -name PARTITION_ENABLE_STRICT_PRESERVATION OFF -entity DE10_LITE_Golden_Top -section_id Top was ignored
Info (144001): Generated suppressed messages file C:/Users/Lab PC/ENCE_3100_2025/ENCE_3100_2025/Lab_08/output_files/main.map.smsg
Info (16010): Generating hard_block partition "hard_block:auto_generated_inst"
    Info (16011): Adding 0 node(s), including 0 DDIO, 0 PLL, 0 transceiver and 0 LCELL
Warning (21074): Design contains 6 input pin(s) that do not drive logic
    Warning (15610): No output dependent on input pin "KEY[0]" File: C:/Users/Lab PC/ENCE_3100_2025/ENCE_3100_2025/Lab_08/main.v Line: 6
    Warning (15610): No output dependent on input pin "KEY[1]" File: C:/Users/Lab PC/ENCE_3100_2025/ENCE_3100_2025/Lab_08/main.v Line: 6
    Warning (15610): No output dependent on input pin "SW[4]" File: C:/Users/Lab PC/ENCE_3100_2025/ENCE_3100_2025/Lab_08/main.v Line: 7
    Warning (15610): No output dependent on input pin "SW[5]" File: C:/Users/Lab PC/ENCE_3100_2025/ENCE_3100_2025/Lab_08/main.v Line: 7
    Warning (15610): No output dependent on input pin "SW[6]" File: C:/Users/Lab PC/ENCE_3100_2025/ENCE_3100_2025/Lab_08/main.v Line: 7
    Warning (15610): No output dependent on input pin "SW[7]" File: C:/Users/Lab PC/ENCE_3100_2025/ENCE_3100_2025/Lab_08/main.v Line: 7
Info (21057): Implemented 249 device resources after synthesis - the final resource count might be different
    Info (21058): Implemented 13 input pins
    Info (21059): Implemented 50 output pins
    Info (21060): Implemented 36 bidirectional pins
    Info (21061): Implemented 150 logic cells
Info: Quartus Prime Analysis & Synthesis was successful. 0 errors, 108 warnings
    Info: Peak virtual memory: 4779 megabytes
    Info: Processing ended: Tue Nov  4 08:18:53 2025
    Info: Elapsed time: 00:00:09
    Info: Total CPU time (on all processors): 00:00:21


+------------------------------------------+
; Analysis & Synthesis Suppressed Messages ;
+------------------------------------------+
The suppressed messages can be found in C:/Users/Lab PC/ENCE_3100_2025/ENCE_3100_2025/Lab_08/output_files/main.map.smsg.


