Assembler report for main
Tue Oct 21 09:37:35 2025
Quartus Prime Version 24.1std.0 Build 1077 03/04/2025 SC Lite Edition


---------------------
; Table of Contents ;
---------------------
  1. Legal Notice
  2. Assembler Summary
  3. Assembler Settings
  4. Assembler Generated Files
  5. Assembler Device Options: C:/Users/S0l1d/01-Advanced DD/QuartusLite/DE10_Board/Projects/UART_Drivers/UART_Drivers/output_files/main.sof
  6. Assembler Messages



----------------
; Legal Notice ;
----------------
Copyright (C) 2025  Altera Corporation. All rights reserved.
Your use of Altera Corporation's design tools, logic functions 
and other software and tools, and any partner logic 
functions, and any output files from any of the foregoing 
(including device programming or simulation files), and any 
associated documentation or information are expressly subject 
to the terms and conditions of the Altera Program License 
Subscription Agreement, the Altera Quartus Prime License Agreement,
the Altera IP License Agreement, or other applicable license
agreement, including, without limitation, that your use is for
the sole purpose of programming logic devices manufactured by
Altera and sold by Altera or its authorized distributors.  Please
refer to the Altera Software License Subscription Agreements 
on the Quartus Prime software download page.



+---------------------------------------------------------------+
; Assembler Summary                                             ;
+-----------------------+---------------------------------------+
; Assembler Status      ; Successful - Tue Oct 21 09:37:35 2025 ;
; Revision Name         ; main                                  ;
; Top-level Entity Name ; main                                  ;
; Family                ; MAX 10                                ;
; Device                ; 10M50DAF484C7G                        ;
+-----------------------+---------------------------------------+


+----------------------------------+
; Assembler Settings               ;
+--------+---------+---------------+
; Option ; Setting ; Default Value ;
+--------+---------+---------------+


+---------------------------------------------------------------------------------------------------------------+
; Assembler Generated Files                                                                                     ;
+---------------------------------------------------------------------------------------------------------------+
; File Name                                                                                                     ;
+---------------------------------------------------------------------------------------------------------------+
; C:/Users/S0l1d/01-Advanced DD/QuartusLite/DE10_Board/Projects/UART_Drivers/UART_Drivers/output_files/main.sof ;
+---------------------------------------------------------------------------------------------------------------+


+-----------------------------------------------------------------------------------------------------------------------------------------+
; Assembler Device Options: C:/Users/S0l1d/01-Advanced DD/QuartusLite/DE10_Board/Projects/UART_Drivers/UART_Drivers/output_files/main.sof ;
+----------------+------------------------------------------------------------------------------------------------------------------------+
; Option         ; Setting                                                                                                                ;
+----------------+------------------------------------------------------------------------------------------------------------------------+
; JTAG usercode  ; 0x00282FAF                                                                                                             ;
; Checksum       ; 0x00282FAF                                                                                                             ;
+----------------+------------------------------------------------------------------------------------------------------------------------+


+--------------------+
; Assembler Messages ;
+--------------------+
Info: *******************************************************************
Info: Running Quartus Prime Assembler
    Info: Version 24.1std.0 Build 1077 03/04/2025 SC Lite Edition
    Info: Processing started: Tue Oct 21 09:37:32 2025
Info: Command: quartus_asm --read_settings_files=off --write_settings_files=off main -c main
Warning (125092): Tcl Script File ram32x8_IP.qip not found
    Info (125063): set_global_assignment -name QIP_FILE ram32x8_IP.qip
Warning (18236): Number of processors has not been specified which may cause overloading on shared machines.  Set the global assignment NUM_PARALLEL_PROCESSORS in your QSF to an appropriate value for best performance.
Info (115031): Writing out detailed assembly data for power analysis
Info (115030): Assembler is generating device programming files
Info: Quartus Prime Assembler was successful. 0 errors, 2 warnings
    Info: Peak virtual memory: 4828 megabytes
    Info: Processing ended: Tue Oct 21 09:37:35 2025
    Info: Elapsed time: 00:00:03
    Info: Total CPU time (on all processors): 00:00:02


