Analysis & Synthesis report for main
Tue Oct 28 08:40:12 2025
Quartus Prime Version 24.1std.0 Build 1077 03/04/2025 SC Lite Edition


---------------------
; Table of Contents ;
---------------------
  1. Legal Notice
  2. Analysis & Synthesis Summary
  3. Analysis & Synthesis Settings
  4. Parallel Compilation
  5. Analysis & Synthesis Source Files Read
  6. Analysis & Synthesis Resource Usage Summary
  7. Analysis & Synthesis Resource Utilization by Entity
  8. State Machine - |main|FSM_Word_Detecter:word_detector|state
  9. Registers Removed During Synthesis
 10. General Register Statistics
 11. Inverted Register Statistics
 12. Multiplexer Restructuring Statistics (Restructuring Performed)
 13. Parameter Settings for User Entity Instance: async_receiver:RX
 14. Parameter Settings for User Entity Instance: async_receiver:RX|BaudTickGen:tickgen
 15. Parameter Settings for User Entity Instance: async_transmitter:TX
 16. Parameter Settings for User Entity Instance: async_transmitter:TX|BaudTickGen:tickgen
 17. Parameter Settings for Inferred Entity Instance: FSM_Word_Detecter:word_detector|lpm_divide:Mod0
 18. Port Connectivity Checks: "async_transmitter:TX"
 19. Port Connectivity Checks: "async_receiver:RX|BaudTickGen:tickgen"
 20. Port Connectivity Checks: "async_receiver:RX"
 21. Post-Synthesis Netlist Statistics for Top Partition
 22. Elapsed Time Per Partition
 23. Analysis & Synthesis Messages



----------------
; Legal Notice ;
----------------
Copyright (C) 2025  Altera Corporation. All rights reserved.
Your use of Altera Corporation's design tools, logic functions 
and other software and tools, and any partner logic 
functions, and any output files from any of the foregoing 
(including device programming or simulation files), and any 
associated documentation or information are expressly subject 
to the terms and conditions of the Altera Program License 
Subscription Agreement, the Altera Quartus Prime License Agreement,
the Altera IP License Agreement, or other applicable license
agreement, including, without limitation, that your use is for
the sole purpose of programming logic devices manufactured by
Altera and sold by Altera or its authorized distributors.  Please
refer to the Altera Software License Subscription Agreements 
on the Quartus Prime software download page.



+--------------------------------------------------------------------------------------+
; Analysis & Synthesis Summary                                                         ;
+------------------------------------+-------------------------------------------------+
; Analysis & Synthesis Status        ; Successful - Tue Oct 28 08:40:12 2025           ;
; Quartus Prime Version              ; 24.1std.0 Build 1077 03/04/2025 SC Lite Edition ;
; Revision Name                      ; main                                            ;
; Top-level Entity Name              ; main                                            ;
; Family                             ; MAX 10                                          ;
; Total logic elements               ; 452                                             ;
;     Total combinational functions  ; 415                                             ;
;     Dedicated logic registers      ; 130                                             ;
; Total registers                    ; 130                                             ;
; Total pins                         ; 106                                             ;
; Total virtual pins                 ; 0                                               ;
; Total memory bits                  ; 0                                               ;
; Embedded Multiplier 9-bit elements ; 0                                               ;
; Total PLLs                         ; 0                                               ;
; UFM blocks                         ; 0                                               ;
; ADC blocks                         ; 0                                               ;
+------------------------------------+-------------------------------------------------+


+------------------------------------------------------------------------------------------------------------+
; Analysis & Synthesis Settings                                                                              ;
+------------------------------------------------------------------+--------------------+--------------------+
; Option                                                           ; Setting            ; Default Value      ;
+------------------------------------------------------------------+--------------------+--------------------+
; Device                                                           ; 10M50DAF484C7G     ;                    ;
; Top-level entity name                                            ; main               ; main               ;
; Family name                                                      ; MAX 10             ; Cyclone V          ;
; Use smart compilation                                            ; Off                ; Off                ;
; Enable parallel Assembler and Timing Analyzer during compilation ; On                 ; On                 ;
; Enable compact report table                                      ; Off                ; Off                ;
; Restructure Multiplexers                                         ; Auto               ; Auto               ;
; Create Debugging Nodes for IP Cores                              ; Off                ; Off                ;
; Preserve fewer node names                                        ; On                 ; On                 ;
; Intel FPGA IP Evaluation Mode                                    ; Enable             ; Enable             ;
; Verilog Version                                                  ; Verilog_2001       ; Verilog_2001       ;
; VHDL Version                                                     ; VHDL_1993          ; VHDL_1993          ;
; State Machine Processing                                         ; Auto               ; Auto               ;
; Safe State Machine                                               ; Off                ; Off                ;
; Extract Verilog State Machines                                   ; On                 ; On                 ;
; Extract VHDL State Machines                                      ; On                 ; On                 ;
; Ignore Verilog initial constructs                                ; Off                ; Off                ;
; Iteration limit for constant Verilog loops                       ; 5000               ; 5000               ;
; Iteration limit for non-constant Verilog loops                   ; 250                ; 250                ;
; Add Pass-Through Logic to Inferred RAMs                          ; On                 ; On                 ;
; Infer RAMs from Raw Logic                                        ; On                 ; On                 ;
; Parallel Synthesis                                               ; On                 ; On                 ;
; DSP Block Balancing                                              ; Auto               ; Auto               ;
; NOT Gate Push-Back                                               ; On                 ; On                 ;
; Power-Up Don't Care                                              ; On                 ; On                 ;
; Remove Redundant Logic Cells                                     ; Off                ; Off                ;
; Remove Duplicate Registers                                       ; On                 ; On                 ;
; Ignore CARRY Buffers                                             ; Off                ; Off                ;
; Ignore CASCADE Buffers                                           ; Off                ; Off                ;
; Ignore GLOBAL Buffers                                            ; Off                ; Off                ;
; Ignore ROW GLOBAL Buffers                                        ; Off                ; Off                ;
; Ignore LCELL Buffers                                             ; Off                ; Off                ;
; Ignore SOFT Buffers                                              ; On                 ; On                 ;
; Limit AHDL Integers to 32 Bits                                   ; Off                ; Off                ;
; Optimization Technique                                           ; Balanced           ; Balanced           ;
; Carry Chain Length                                               ; 70                 ; 70                 ;
; Auto Carry Chains                                                ; On                 ; On                 ;
; Auto Open-Drain Pins                                             ; On                 ; On                 ;
; Perform WYSIWYG Primitive Resynthesis                            ; Off                ; Off                ;
; Auto ROM Replacement                                             ; On                 ; On                 ;
; Auto RAM Replacement                                             ; On                 ; On                 ;
; Auto DSP Block Replacement                                       ; On                 ; On                 ;
; Auto Shift Register Replacement                                  ; Auto               ; Auto               ;
; Allow Shift Register Merging across Hierarchies                  ; Auto               ; Auto               ;
; Auto Clock Enable Replacement                                    ; On                 ; On                 ;
; Strict RAM Replacement                                           ; Off                ; Off                ;
; Allow Synchronous Control Signals                                ; On                 ; On                 ;
; Force Use of Synchronous Clear Signals                           ; Off                ; Off                ;
; Auto RAM Block Balancing                                         ; On                 ; On                 ;
; Auto RAM to Logic Cell Conversion                                ; Off                ; Off                ;
; Auto Resource Sharing                                            ; Off                ; Off                ;
; Allow Any RAM Size For Recognition                               ; Off                ; Off                ;
; Allow Any ROM Size For Recognition                               ; Off                ; Off                ;
; Allow Any Shift Register Size For Recognition                    ; Off                ; Off                ;
; Use LogicLock Constraints during Resource Balancing              ; On                 ; On                 ;
; Ignore translate_off and synthesis_off directives                ; Off                ; Off                ;
; Timing-Driven Synthesis                                          ; On                 ; On                 ;
; Report Parameter Settings                                        ; On                 ; On                 ;
; Report Source Assignments                                        ; On                 ; On                 ;
; Report Connectivity Checks                                       ; On                 ; On                 ;
; Ignore Maximum Fan-Out Assignments                               ; Off                ; Off                ;
; Synchronization Register Chain Length                            ; 2                  ; 2                  ;
; Power Optimization During Synthesis                              ; Normal compilation ; Normal compilation ;
; HDL message level                                                ; Level2             ; Level2             ;
; Suppress Register Optimization Related Messages                  ; Off                ; Off                ;
; Number of Removed Registers Reported in Synthesis Report         ; 5000               ; 5000               ;
; Number of Swept Nodes Reported in Synthesis Report               ; 5000               ; 5000               ;
; Number of Inverted Registers Reported in Synthesis Report        ; 100                ; 100                ;
; Clock MUX Protection                                             ; On                 ; On                 ;
; Auto Gated Clock Conversion                                      ; Off                ; Off                ;
; Block Design Naming                                              ; Auto               ; Auto               ;
; SDC constraint protection                                        ; Off                ; Off                ;
; Synthesis Effort                                                 ; Auto               ; Auto               ;
; Shift Register Replacement - Allow Asynchronous Clear Signal     ; On                 ; On                 ;
; Pre-Mapping Resynthesis Optimization                             ; Off                ; Off                ;
; Analysis & Synthesis Message Level                               ; Medium             ; Medium             ;
; Disable Register Merging Across Hierarchies                      ; Auto               ; Auto               ;
; Resource Aware Inference For Block RAM                           ; On                 ; On                 ;
+------------------------------------------------------------------+--------------------+--------------------+


+------------------------------------------+
; Parallel Compilation                     ;
+----------------------------+-------------+
; Processors                 ; Number      ;
+----------------------------+-------------+
; Number detected on machine ; 8           ;
; Maximum allowed            ; 4           ;
;                            ;             ;
; Average used               ; 1.00        ;
; Maximum used               ; 4           ;
;                            ;             ;
; Usage by Processor         ; % Time Used ;
;     Processor 1            ; 100.0%      ;
;     Processors 2-4         ;   0.0%      ;
+----------------------------+-------------+


+-------------------------------------------------------------------------------------------------------------------------------------------------------------------------------+
; Analysis & Synthesis Source Files Read                                                                                                                                        ;
+----------------------------------+-----------------+------------------------------+---------------------------------------------------------------------------------+---------+
; File Name with User-Entered Path ; Used in Netlist ; File Type                    ; File Name with Absolute Path                                                    ; Library ;
+----------------------------------+-----------------+------------------------------+---------------------------------------------------------------------------------+---------+
; main.v                           ; yes             ; User Verilog HDL File        ; C:/Users/Lab PC/ENCE_3100_2025/ENCE_3100_2025/Lab_07/main.v                     ;         ;
; async_transmitter.v              ; yes             ; User Verilog HDL File        ; C:/Users/Lab PC/ENCE_3100_2025/ENCE_3100_2025/Lab_07/async_transmitter.v        ;         ;
; fsm_word_detecter.v              ; yes             ; Auto-Found Verilog HDL File  ; C:/Users/Lab PC/ENCE_3100_2025/ENCE_3100_2025/Lab_07/fsm_word_detecter.v        ;         ;
; lpm_divide.tdf                   ; yes             ; Megafunction                 ; c:/intelfpga_lite/24.1std/quartus/libraries/megafunctions/lpm_divide.tdf        ;         ;
; abs_divider.inc                  ; yes             ; Megafunction                 ; c:/intelfpga_lite/24.1std/quartus/libraries/megafunctions/abs_divider.inc       ;         ;
; sign_div_unsign.inc              ; yes             ; Megafunction                 ; c:/intelfpga_lite/24.1std/quartus/libraries/megafunctions/sign_div_unsign.inc   ;         ;
; aglobal241.inc                   ; yes             ; Megafunction                 ; c:/intelfpga_lite/24.1std/quartus/libraries/megafunctions/aglobal241.inc        ;         ;
; db/lpm_divide_hnl.tdf            ; yes             ; Auto-Generated Megafunction  ; C:/Users/Lab PC/ENCE_3100_2025/ENCE_3100_2025/Lab_07/db/lpm_divide_hnl.tdf      ;         ;
; db/sign_div_unsign_gnh.tdf       ; yes             ; Auto-Generated Megafunction  ; C:/Users/Lab PC/ENCE_3100_2025/ENCE_3100_2025/Lab_07/db/sign_div_unsign_gnh.tdf ;         ;
; db/alt_u_div_ale.tdf             ; yes             ; Auto-Generated Megafunction  ; C:/Users/Lab PC/ENCE_3100_2025/ENCE_3100_2025/Lab_07/db/alt_u_div_ale.tdf       ;         ;
; db/add_sub_t3c.tdf               ; yes             ; Auto-Generated Megafunction  ; C:/Users/Lab PC/ENCE_3100_2025/ENCE_3100_2025/Lab_07/db/add_sub_t3c.tdf         ;         ;
; db/add_sub_u3c.tdf               ; yes             ; Auto-Generated Megafunction  ; C:/Users/Lab PC/ENCE_3100_2025/ENCE_3100_2025/Lab_07/db/add_sub_u3c.tdf         ;         ;
+----------------------------------+-----------------+------------------------------+---------------------------------------------------------------------------------+---------+


+-------------------------------------------------------------------+
; Analysis & Synthesis Resource Usage Summary                       ;
+---------------------------------------------+---------------------+
; Resource                                    ; Usage               ;
+---------------------------------------------+---------------------+
; Estimated Total logic elements              ; 452                 ;
;                                             ;                     ;
; Total combinational functions               ; 415                 ;
; Logic element usage by number of LUT inputs ;                     ;
;     -- 4 input functions                    ; 122                 ;
;     -- 3 input functions                    ; 82                  ;
;     -- <=2 input functions                  ; 211                 ;
;                                             ;                     ;
; Logic elements by mode                      ;                     ;
;     -- normal mode                          ; 280                 ;
;     -- arithmetic mode                      ; 135                 ;
;                                             ;                     ;
; Total registers                             ; 130                 ;
;     -- Dedicated logic registers            ; 130                 ;
;     -- I/O registers                        ; 0                   ;
;                                             ;                     ;
; I/O pins                                    ; 106                 ;
;                                             ;                     ;
; Embedded Multiplier 9-bit elements          ; 0                   ;
;                                             ;                     ;
; Maximum fan-out node                        ; MAX10_CLK1_50~input ;
; Maximum fan-out                             ; 130                 ;
; Total fan-out                               ; 1716                ;
; Average fan-out                             ; 2.16                ;
+---------------------------------------------+---------------------+


+-----------------------------------------------------------------------------------------------------------------------------------------------------------------------------------------------------------------------------------------------------------------------------------------------------------------------------------------------------------------------------+
; Analysis & Synthesis Resource Utilization by Entity                                                                                                                                                                                                                                                                                                                         ;
+-------------------------------------------+---------------------+---------------------------+-------------+------------+--------------+---------+-----------+------+--------------+------------+---------------------------------------------------------------------------------------------------------------------------------------+---------------------+--------------+
; Compilation Hierarchy Node                ; Combinational ALUTs ; Dedicated Logic Registers ; Memory Bits ; UFM Blocks ; DSP Elements ; DSP 9x9 ; DSP 18x18 ; Pins ; Virtual Pins ; ADC blocks ; Full Hierarchy Name                                                                                                                   ; Entity Name         ; Library Name ;
+-------------------------------------------+---------------------+---------------------------+-------------+------------+--------------+---------+-----------+------+--------------+------------+---------------------------------------------------------------------------------------------------------------------------------------+---------------------+--------------+
; |main                                     ; 415 (1)             ; 130 (8)                   ; 0           ; 0          ; 0            ; 0       ; 0         ; 106  ; 0            ; 0          ; |main                                                                                                                                 ; main                ; work         ;
;    |FSM_Word_Detecter:word_detector|      ; 338 (102)           ; 58 (58)                   ; 0           ; 0          ; 0            ; 0       ; 0         ; 0    ; 0            ; 0          ; |main|FSM_Word_Detecter:word_detector                                                                                                 ; FSM_Word_Detecter   ; work         ;
;       |lpm_divide:Mod0|                   ; 236 (0)             ; 0 (0)                     ; 0           ; 0          ; 0            ; 0       ; 0         ; 0    ; 0            ; 0          ; |main|FSM_Word_Detecter:word_detector|lpm_divide:Mod0                                                                                 ; lpm_divide          ; work         ;
;          |lpm_divide_hnl:auto_generated|  ; 236 (0)             ; 0 (0)                     ; 0           ; 0          ; 0            ; 0       ; 0         ; 0    ; 0            ; 0          ; |main|FSM_Word_Detecter:word_detector|lpm_divide:Mod0|lpm_divide_hnl:auto_generated                                                   ; lpm_divide_hnl      ; work         ;
;             |sign_div_unsign_gnh:divider| ; 236 (0)             ; 0 (0)                     ; 0           ; 0          ; 0            ; 0       ; 0         ; 0    ; 0            ; 0          ; |main|FSM_Word_Detecter:word_detector|lpm_divide:Mod0|lpm_divide_hnl:auto_generated|sign_div_unsign_gnh:divider                       ; sign_div_unsign_gnh ; work         ;
;                |alt_u_div_ale:divider|    ; 236 (236)           ; 0 (0)                     ; 0           ; 0          ; 0            ; 0       ; 0         ; 0    ; 0            ; 0          ; |main|FSM_Word_Detecter:word_detector|lpm_divide:Mod0|lpm_divide_hnl:auto_generated|sign_div_unsign_gnh:divider|alt_u_div_ale:divider ; alt_u_div_ale       ; work         ;
;    |async_receiver:RX|                    ; 35 (20)             ; 35 (21)                   ; 0           ; 0          ; 0            ; 0       ; 0         ; 0    ; 0            ; 0          ; |main|async_receiver:RX                                                                                                               ; async_receiver      ; work         ;
;       |BaudTickGen:tickgen|               ; 15 (15)             ; 14 (14)                   ; 0           ; 0          ; 0            ; 0       ; 0         ; 0    ; 0            ; 0          ; |main|async_receiver:RX|BaudTickGen:tickgen                                                                                           ; BaudTickGen         ; work         ;
;    |async_transmitter:TX|                 ; 41 (24)             ; 29 (12)                   ; 0           ; 0          ; 0            ; 0       ; 0         ; 0    ; 0            ; 0          ; |main|async_transmitter:TX                                                                                                            ; async_transmitter   ; work         ;
;       |BaudTickGen:tickgen|               ; 17 (17)             ; 17 (17)                   ; 0           ; 0          ; 0            ; 0       ; 0         ; 0    ; 0            ; 0          ; |main|async_transmitter:TX|BaudTickGen:tickgen                                                                                        ; BaudTickGen         ; work         ;
+-------------------------------------------+---------------------+---------------------------+-------------+------------+--------------+---------+-----------+------+--------------+------------+---------------------------------------------------------------------------------------------------------------------------------------+---------------------+--------------+
Note: For table entries with two numbers listed, the numbers in parentheses indicate the number of resources of the given type used by the specific entity alone. The numbers listed outside of parentheses indicate the total resources of the given type used by the specific entity and all of its sub-entities in the hierarchy.


Encoding Type:  One-Hot
+-----------------------------------------------------------------------------------------------------------------+
; State Machine - |main|FSM_Word_Detecter:word_detector|state                                                     ;
+--------------+--------------+--------------+--------------+-------------+------------+-----------+--------------+
; Name         ; state.S_SHOW ; state.S_DONE ; state.S_HELL ; state.S_HEL ; state.S_HE ; state.S_H ; state.S_IDLE ;
+--------------+--------------+--------------+--------------+-------------+------------+-----------+--------------+
; state.S_IDLE ; 0            ; 0            ; 0            ; 0           ; 0          ; 0         ; 0            ;
; state.S_H    ; 0            ; 0            ; 0            ; 0           ; 0          ; 1         ; 1            ;
; state.S_HE   ; 0            ; 0            ; 0            ; 0           ; 1          ; 0         ; 1            ;
; state.S_HEL  ; 0            ; 0            ; 0            ; 1           ; 0          ; 0         ; 1            ;
; state.S_HELL ; 0            ; 0            ; 1            ; 0           ; 0          ; 0         ; 1            ;
; state.S_DONE ; 0            ; 1            ; 0            ; 0           ; 0          ; 0         ; 1            ;
; state.S_SHOW ; 1            ; 0            ; 0            ; 0           ; 0          ; 0         ; 1            ;
+--------------+--------------+--------------+--------------+-------------+------------+-----------+--------------+


+---------------------------------------------------------------------------------------+
; Registers Removed During Synthesis                                                    ;
+----------------------------------------------+----------------------------------------+
; Register name                                ; Reason for Removal                     ;
+----------------------------------------------+----------------------------------------+
; FSM_Word_Detecter:word_detector|HEX4[0]      ; Stuck at VCC due to stuck port data_in ;
; FSM_Word_Detecter:word_detector|HEX0[6]      ; Stuck at VCC due to stuck port data_in ;
; FSM_Word_Detecter:word_detector|HEX1[0..2,6] ; Stuck at VCC due to stuck port data_in ;
; FSM_Word_Detecter:word_detector|HEX2[0..2,6] ; Stuck at VCC due to stuck port data_in ;
; FSM_Word_Detecter:word_detector|HEX3[1,2]    ; Stuck at VCC due to stuck port data_in ;
; FSM_Word_Detecter:word_detector|HEX4[3]      ; Stuck at VCC due to stuck port data_in ;
; FSM_Word_Detecter:word_detector|state~4      ; Lost fanout                            ;
; FSM_Word_Detecter:word_detector|state~5      ; Lost fanout                            ;
; FSM_Word_Detecter:word_detector|state~6      ; Lost fanout                            ;
; Total Number of Removed Registers = 16       ;                                        ;
+----------------------------------------------+----------------------------------------+


+------------------------------------------------------+
; General Register Statistics                          ;
+----------------------------------------------+-------+
; Statistic                                    ; Value ;
+----------------------------------------------+-------+
; Total registers                              ; 130   ;
; Number of registers using Synchronous Clear  ; 28    ;
; Number of registers using Synchronous Load   ; 17    ;
; Number of registers using Asynchronous Clear ; 58    ;
; Number of registers using Asynchronous Load  ; 0     ;
; Number of registers using Clock Enable       ; 30    ;
; Number of registers using Preset             ; 0     ;
+----------------------------------------------+-------+


+-------------------------------------------------------+
; Inverted Register Statistics                          ;
+---------------------------------------------+---------+
; Inverted Register                           ; Fan out ;
+---------------------------------------------+---------+
; FSM_Word_Detecter:word_detector|HEX0[0]     ; 1       ;
; FSM_Word_Detecter:word_detector|HEX0[1]     ; 1       ;
; FSM_Word_Detecter:word_detector|HEX0[2]     ; 1       ;
; FSM_Word_Detecter:word_detector|HEX0[3]     ; 1       ;
; FSM_Word_Detecter:word_detector|HEX0[4]     ; 1       ;
; FSM_Word_Detecter:word_detector|HEX0[5]     ; 1       ;
; FSM_Word_Detecter:word_detector|HEX1[3]     ; 1       ;
; FSM_Word_Detecter:word_detector|HEX1[4]     ; 1       ;
; FSM_Word_Detecter:word_detector|HEX1[5]     ; 1       ;
; FSM_Word_Detecter:word_detector|HEX2[3]     ; 1       ;
; FSM_Word_Detecter:word_detector|HEX2[4]     ; 1       ;
; FSM_Word_Detecter:word_detector|HEX2[5]     ; 1       ;
; FSM_Word_Detecter:word_detector|HEX3[0]     ; 1       ;
; FSM_Word_Detecter:word_detector|HEX3[3]     ; 1       ;
; FSM_Word_Detecter:word_detector|HEX3[4]     ; 1       ;
; FSM_Word_Detecter:word_detector|HEX3[5]     ; 1       ;
; FSM_Word_Detecter:word_detector|HEX3[6]     ; 1       ;
; FSM_Word_Detecter:word_detector|HEX4[1]     ; 1       ;
; FSM_Word_Detecter:word_detector|HEX4[2]     ; 1       ;
; FSM_Word_Detecter:word_detector|HEX4[4]     ; 1       ;
; FSM_Word_Detecter:word_detector|HEX4[5]     ; 1       ;
; FSM_Word_Detecter:word_detector|HEX4[6]     ; 1       ;
; FSM_Word_Detecter:word_detector|blink_state ; 2       ;
; async_receiver:RX|RxD_bit                   ; 4       ;
; async_receiver:RX|Filter_cnt[0]             ; 3       ;
; async_receiver:RX|Filter_cnt[1]             ; 3       ;
; async_receiver:RX|RxD_sync[1]               ; 2       ;
; async_receiver:RX|RxD_sync[0]               ; 1       ;
; Total number of inverted registers = 28     ;         ;
+---------------------------------------------+---------+


+-----------------------------------------------------------------------------------------------------------------------------------------------------------------+
; Multiplexer Restructuring Statistics (Restructuring Performed)                                                                                                  ;
+--------------------+-----------+---------------+----------------------+------------------------+------------+---------------------------------------------------+
; Multiplexer Inputs ; Bus Width ; Baseline Area ; Area if Restructured ; Saving if Restructured ; Registered ; Example Multiplexer Output                        ;
+--------------------+-----------+---------------+----------------------+------------------------+------------+---------------------------------------------------+
; 3:1                ; 7 bits    ; 14 LEs        ; 7 LEs                ; 7 LEs                  ; Yes        ; |main|async_transmitter:TX|TxD_shift[0]           ;
; 3:1                ; 28 bits   ; 56 LEs        ; 28 LEs               ; 28 LEs                 ; Yes        ; |main|FSM_Word_Detecter:word_detector|counter[10] ;
; 10:1               ; 5 bits    ; 30 LEs        ; 20 LEs               ; 10 LEs                 ; No         ; |main|FSM_Word_Detecter:word_detector|Selector2   ;
; 11:1               ; 2 bits    ; 14 LEs        ; 6 LEs                ; 8 LEs                  ; No         ; |main|FSM_Word_Detecter:word_detector|Selector3   ;
+--------------------+-----------+---------------+----------------------+------------------------+------------+---------------------------------------------------+


+----------------------------------------------------------------+
; Parameter Settings for User Entity Instance: async_receiver:RX ;
+----------------+----------+------------------------------------+
; Parameter Name ; Value    ; Type                               ;
+----------------+----------+------------------------------------+
; ClkFrequency   ; 50000000 ; Signed Integer                     ;
; Baud           ; 115200   ; Signed Integer                     ;
; Oversampling   ; 8        ; Signed Integer                     ;
+----------------+----------+------------------------------------+
Note: In order to hide this table in the UI and the text report file, please set the "Show Parameter Settings in Synthesis Report" option in "Analysis and Synthesis Settings -> More Settings" to "Off".


+------------------------------------------------------------------------------------+
; Parameter Settings for User Entity Instance: async_receiver:RX|BaudTickGen:tickgen ;
+----------------+----------+--------------------------------------------------------+
; Parameter Name ; Value    ; Type                                                   ;
+----------------+----------+--------------------------------------------------------+
; ClkFrequency   ; 50000000 ; Signed Integer                                         ;
; Baud           ; 115200   ; Signed Integer                                         ;
; Oversampling   ; 8        ; Signed Integer                                         ;
+----------------+----------+--------------------------------------------------------+
Note: In order to hide this table in the UI and the text report file, please set the "Show Parameter Settings in Synthesis Report" option in "Analysis and Synthesis Settings -> More Settings" to "Off".


+-------------------------------------------------------------------+
; Parameter Settings for User Entity Instance: async_transmitter:TX ;
+----------------+----------+---------------------------------------+
; Parameter Name ; Value    ; Type                                  ;
+----------------+----------+---------------------------------------+
; ClkFrequency   ; 50000000 ; Signed Integer                        ;
; Baud           ; 115200   ; Signed Integer                        ;
+----------------+----------+---------------------------------------+
Note: In order to hide this table in the UI and the text report file, please set the "Show Parameter Settings in Synthesis Report" option in "Analysis and Synthesis Settings -> More Settings" to "Off".


+---------------------------------------------------------------------------------------+
; Parameter Settings for User Entity Instance: async_transmitter:TX|BaudTickGen:tickgen ;
+----------------+----------+-----------------------------------------------------------+
; Parameter Name ; Value    ; Type                                                      ;
+----------------+----------+-----------------------------------------------------------+
; ClkFrequency   ; 50000000 ; Signed Integer                                            ;
; Baud           ; 115200   ; Signed Integer                                            ;
; Oversampling   ; 1        ; Signed Integer                                            ;
+----------------+----------+-----------------------------------------------------------+
Note: In order to hide this table in the UI and the text report file, please set the "Show Parameter Settings in Synthesis Report" option in "Analysis and Synthesis Settings -> More Settings" to "Off".


+--------------------------------------------------------------------------------------------------+
; Parameter Settings for Inferred Entity Instance: FSM_Word_Detecter:word_detector|lpm_divide:Mod0 ;
+------------------------+----------------+--------------------------------------------------------+
; Parameter Name         ; Value          ; Type                                                   ;
+------------------------+----------------+--------------------------------------------------------+
; LPM_WIDTHN             ; 28             ; Untyped                                                ;
; LPM_WIDTHD             ; 25             ; Untyped                                                ;
; LPM_NREPRESENTATION    ; UNSIGNED       ; Untyped                                                ;
; LPM_DREPRESENTATION    ; UNSIGNED       ; Untyped                                                ;
; LPM_PIPELINE           ; 0              ; Untyped                                                ;
; LPM_REMAINDERPOSITIVE  ; TRUE           ; Untyped                                                ;
; MAXIMIZE_SPEED         ; 5              ; Untyped                                                ;
; CBXI_PARAMETER         ; lpm_divide_hnl ; Untyped                                                ;
; CARRY_CHAIN            ; MANUAL         ; Untyped                                                ;
; OPTIMIZE_FOR_SPEED     ; 5              ; Untyped                                                ;
; AUTO_CARRY_CHAINS      ; ON             ; AUTO_CARRY                                             ;
; IGNORE_CARRY_BUFFERS   ; OFF            ; IGNORE_CARRY                                           ;
; AUTO_CASCADE_CHAINS    ; ON             ; AUTO_CASCADE                                           ;
; IGNORE_CASCADE_BUFFERS ; OFF            ; IGNORE_CASCADE                                         ;
+------------------------+----------------+--------------------------------------------------------+
Note: In order to hide this table in the UI and the text report file, please set the "Show Parameter Settings in Synthesis Report" option in "Analysis and Synthesis Settings -> More Settings" to "Off".


+-----------------------------------------------------------------------------------------------------------------------------------------+
; Port Connectivity Checks: "async_transmitter:TX"                                                                                        ;
+----------+--------+----------+----------------------------------------------------------------------------------------------------------+
; Port     ; Type   ; Severity ; Details                                                                                                  ;
+----------+--------+----------+----------------------------------------------------------------------------------------------------------+
; TxD_busy ; Output ; Warning  ; Declared by entity but not connected by instance. Logic that only feeds a dangling port will be removed. ;
+----------+--------+----------+----------------------------------------------------------------------------------------------------------+


+-------------------------------------------------------------------+
; Port Connectivity Checks: "async_receiver:RX|BaudTickGen:tickgen" ;
+--------+-------+----------+---------------------------------------+
; Port   ; Type  ; Severity ; Details                               ;
+--------+-------+----------+---------------------------------------+
; enable ; Input ; Info     ; Stuck at VCC                          ;
+--------+-------+----------+---------------------------------------+


+------------------------------------------------------------------------------------------------------------------------------------------------+
; Port Connectivity Checks: "async_receiver:RX"                                                                                                  ;
+-----------------+--------+----------+----------------------------------------------------------------------------------------------------------+
; Port            ; Type   ; Severity ; Details                                                                                                  ;
+-----------------+--------+----------+----------------------------------------------------------------------------------------------------------+
; RxD_idle        ; Output ; Warning  ; Declared by entity but not connected by instance. Logic that only feeds a dangling port will be removed. ;
; RxD_endofpacket ; Output ; Warning  ; Declared by entity but not connected by instance. Logic that only feeds a dangling port will be removed. ;
+-----------------+--------+----------+----------------------------------------------------------------------------------------------------------+


+-----------------------------------------------------+
; Post-Synthesis Netlist Statistics for Top Partition ;
+-----------------------+-----------------------------+
; Type                  ; Count                       ;
+-----------------------+-----------------------------+
; boundary_port         ; 106                         ;
; cycloneiii_ff         ; 130                         ;
;     CLR               ; 30                          ;
;     CLR SCLR          ; 28                          ;
;     ENA               ; 30                          ;
;     SLD               ; 17                          ;
;     plain             ; 25                          ;
; cycloneiii_io_obuf    ; 36                          ;
; cycloneiii_lcell_comb ; 438                         ;
;     arith             ; 135                         ;
;         2 data inputs ; 75                          ;
;         3 data inputs ; 60                          ;
;     normal            ; 303                         ;
;         0 data inputs ; 8                           ;
;         1 data inputs ; 26                          ;
;         2 data inputs ; 125                         ;
;         3 data inputs ; 22                          ;
;         4 data inputs ; 122                         ;
;                       ;                             ;
; Max LUT depth         ; 20.30                       ;
; Average LUT depth     ; 10.76                       ;
+-----------------------+-----------------------------+


+-------------------------------+
; Elapsed Time Per Partition    ;
+----------------+--------------+
; Partition Name ; Elapsed Time ;
+----------------+--------------+
; Top            ; 00:00:01     ;
+----------------+--------------+


+-------------------------------+
; Analysis & Synthesis Messages ;
+-------------------------------+
Info: *******************************************************************
Info: Running Quartus Prime Analysis & Synthesis
    Info: Version 24.1std.0 Build 1077 03/04/2025 SC Lite Edition
    Info: Processing started: Tue Oct 28 08:40:01 2025
Info: Command: quartus_map --read_settings_files=on --write_settings_files=off main -c main
Warning (125092): Tcl Script File ram32x8_IP.qip not found
    Info (125063): set_global_assignment -name QIP_FILE ram32x8_IP.qip
Warning (18236): Number of processors has not been specified which may cause overloading on shared machines.  Set the global assignment NUM_PARALLEL_PROCESSORS in your QSF to an appropriate value for best performance.
Info (20030): Parallel compilation is enabled and will use 4 of the 4 processors detected
Info (12021): Found 1 design units, including 1 entities, in source file main.v
    Info (12023): Found entity 1: main File: C:/Users/Lab PC/ENCE_3100_2025/ENCE_3100_2025/Lab_07/main.v Line: 3
Warning (12019): Can't analyze file -- file reg_array.v is missing
Warning (12019): Can't analyze file -- file dual_port_ram.v is missing
Warning (12019): Can't analyze file -- file ram32x8_ff.v is missing
Warning (12019): Can't analyze file -- file ram32x8_lut.v is missing
Warning (12019): Can't analyze file -- file ram32x8_m9k.v is missing
Warning (12019): Can't analyze file -- file basic_ram.v is missing
Warning (12019): Can't analyze file -- file ram14x4_lut.v is missing
Warning (12019): Can't analyze file -- file counter.v is missing
Warning (12019): Can't analyze file -- file timer_1s.v is missing
Info (12021): Found 4 design units, including 4 entities, in source file async_transmitter.v
    Info (12023): Found entity 1: async_transmitter File: C:/Users/Lab PC/ENCE_3100_2025/ENCE_3100_2025/Lab_07/async_transmitter.v Line: 13
    Info (12023): Found entity 2: async_receiver File: C:/Users/Lab PC/ENCE_3100_2025/ENCE_3100_2025/Lab_07/async_transmitter.v Line: 74
    Info (12023): Found entity 3: ASSERTION_ERROR File: C:/Users/Lab PC/ENCE_3100_2025/ENCE_3100_2025/Lab_07/async_transmitter.v Line: 179
    Info (12023): Found entity 4: BaudTickGen File: C:/Users/Lab PC/ENCE_3100_2025/ENCE_3100_2025/Lab_07/async_transmitter.v Line: 184
Warning (12019): Can't analyze file -- file uart_baudgen.v is missing
Info (12021): Found 1 design units, including 1 entities, in source file uart_tx.v
    Info (12023): Found entity 1: uart_tx File: C:/Users/Lab PC/ENCE_3100_2025/ENCE_3100_2025/Lab_07/uart_tx.v Line: 5
Info (12021): Found 1 design units, including 1 entities, in source file uart_rx.v
    Info (12023): Found entity 1: uart_rx File: C:/Users/Lab PC/ENCE_3100_2025/ENCE_3100_2025/Lab_07/uart_rx.v Line: 6
Warning (12019): Can't analyze file -- file uart_tx_v2.v is missing
Warning (12019): Can't analyze file -- file uart_rx_v2.v is missing
Info (12021): Found 1 design units, including 1 entities, in source file char2seg.v
    Info (12023): Found entity 1: char2seg File: C:/Users/Lab PC/ENCE_3100_2025/ENCE_3100_2025/Lab_07/char2seg.v Line: 1
Info (12127): Elaborating entity "main" for the top level hierarchy
Warning (10034): Output port "LEDR[9..8]" at main.v(6) has no driver File: C:/Users/Lab PC/ENCE_3100_2025/ENCE_3100_2025/Lab_07/main.v Line: 6
Info (12128): Elaborating entity "async_receiver" for hierarchy "async_receiver:RX" File: C:/Users/Lab PC/ENCE_3100_2025/ENCE_3100_2025/Lab_07/main.v Line: 24
Info (12128): Elaborating entity "BaudTickGen" for hierarchy "async_receiver:RX|BaudTickGen:tickgen" File: C:/Users/Lab PC/ENCE_3100_2025/ENCE_3100_2025/Lab_07/async_transmitter.v Line: 108
Info (12128): Elaborating entity "async_transmitter" for hierarchy "async_transmitter:TX" File: C:/Users/Lab PC/ENCE_3100_2025/ENCE_3100_2025/Lab_07/main.v Line: 32
Info (12128): Elaborating entity "BaudTickGen" for hierarchy "async_transmitter:TX|BaudTickGen:tickgen" File: C:/Users/Lab PC/ENCE_3100_2025/ENCE_3100_2025/Lab_07/async_transmitter.v Line: 36
Warning (12125): Using design file fsm_word_detecter.v, which is not specified as a design file for the current project, but contains definitions for 1 design units and 1 entities in project
    Info (12023): Found entity 1: FSM_Word_Detecter File: C:/Users/Lab PC/ENCE_3100_2025/ENCE_3100_2025/Lab_07/fsm_word_detecter.v Line: 2
Info (12128): Elaborating entity "FSM_Word_Detecter" for hierarchy "FSM_Word_Detecter:word_detector" File: C:/Users/Lab PC/ENCE_3100_2025/ENCE_3100_2025/Lab_07/main.v Line: 50
Warning (10230): Verilog HDL assignment warning at fsm_word_detecter.v(78): truncated value with size 32 to match size of target (28) File: C:/Users/Lab PC/ENCE_3100_2025/ENCE_3100_2025/Lab_07/fsm_word_detecter.v Line: 78
Info (10264): Verilog HDL Case Statement information at fsm_word_detecter.v(102): all case item expressions in this case statement are onehot File: C:/Users/Lab PC/ENCE_3100_2025/ENCE_3100_2025/Lab_07/fsm_word_detecter.v Line: 102
Info (278001): Inferred 1 megafunctions from design logic
    Info (278004): Inferred divider/modulo megafunction ("lpm_divide") from the following logic: "FSM_Word_Detecter:word_detector|Mod0" File: C:/Users/Lab PC/ENCE_3100_2025/ENCE_3100_2025/Lab_07/fsm_word_detecter.v Line: 79
Info (12130): Elaborated megafunction instantiation "FSM_Word_Detecter:word_detector|lpm_divide:Mod0" File: C:/Users/Lab PC/ENCE_3100_2025/ENCE_3100_2025/Lab_07/fsm_word_detecter.v Line: 79
Info (12133): Instantiated megafunction "FSM_Word_Detecter:word_detector|lpm_divide:Mod0" with the following parameter: File: C:/Users/Lab PC/ENCE_3100_2025/ENCE_3100_2025/Lab_07/fsm_word_detecter.v Line: 79
    Info (12134): Parameter "LPM_WIDTHN" = "28"
    Info (12134): Parameter "LPM_WIDTHD" = "25"
    Info (12134): Parameter "LPM_NREPRESENTATION" = "UNSIGNED"
    Info (12134): Parameter "LPM_DREPRESENTATION" = "UNSIGNED"
Info (12021): Found 1 design units, including 1 entities, in source file db/lpm_divide_hnl.tdf
    Info (12023): Found entity 1: lpm_divide_hnl File: C:/Users/Lab PC/ENCE_3100_2025/ENCE_3100_2025/Lab_07/db/lpm_divide_hnl.tdf Line: 25
Info (12021): Found 1 design units, including 1 entities, in source file db/sign_div_unsign_gnh.tdf
    Info (12023): Found entity 1: sign_div_unsign_gnh File: C:/Users/Lab PC/ENCE_3100_2025/ENCE_3100_2025/Lab_07/db/sign_div_unsign_gnh.tdf Line: 25
Info (12021): Found 1 design units, including 1 entities, in source file db/alt_u_div_ale.tdf
    Info (12023): Found entity 1: alt_u_div_ale File: C:/Users/Lab PC/ENCE_3100_2025/ENCE_3100_2025/Lab_07/db/alt_u_div_ale.tdf Line: 27
Info (12021): Found 1 design units, including 1 entities, in source file db/add_sub_t3c.tdf
    Info (12023): Found entity 1: add_sub_t3c File: C:/Users/Lab PC/ENCE_3100_2025/ENCE_3100_2025/Lab_07/db/add_sub_t3c.tdf Line: 23
Info (12021): Found 1 design units, including 1 entities, in source file db/add_sub_u3c.tdf
    Info (12023): Found entity 1: add_sub_u3c File: C:/Users/Lab PC/ENCE_3100_2025/ENCE_3100_2025/Lab_07/db/add_sub_u3c.tdf Line: 23
Warning (12241): 2 hierarchies have connectivity warnings - see the Connectivity Checks report folder
Warning (13034): The following nodes have both tri-state and non-tri-state drivers
    Warning (13035): Inserted always-enabled tri-state buffer between "GPIO[33]" and its non-tri-state driver. File: C:/Users/Lab PC/ENCE_3100_2025/ENCE_3100_2025/Lab_07/main.v Line: 7
Warning (13039): The following bidirectional pins have no drivers
    Warning (13040): bidirectional pin "GPIO[35]" has no driver File: C:/Users/Lab PC/ENCE_3100_2025/ENCE_3100_2025/Lab_07/main.v Line: 7
    Warning (13040): bidirectional pin "GPIO[0]" has no driver File: C:/Users/Lab PC/ENCE_3100_2025/ENCE_3100_2025/Lab_07/main.v Line: 7
    Warning (13040): bidirectional pin "GPIO[1]" has no driver File: C:/Users/Lab PC/ENCE_3100_2025/ENCE_3100_2025/Lab_07/main.v Line: 7
    Warning (13040): bidirectional pin "GPIO[2]" has no driver File: C:/Users/Lab PC/ENCE_3100_2025/ENCE_3100_2025/Lab_07/main.v Line: 7
    Warning (13040): bidirectional pin "GPIO[3]" has no driver File: C:/Users/Lab PC/ENCE_3100_2025/ENCE_3100_2025/Lab_07/main.v Line: 7
    Warning (13040): bidirectional pin "GPIO[4]" has no driver File: C:/Users/Lab PC/ENCE_3100_2025/ENCE_3100_2025/Lab_07/main.v Line: 7
    Warning (13040): bidirectional pin "GPIO[5]" has no driver File: C:/Users/Lab PC/ENCE_3100_2025/ENCE_3100_2025/Lab_07/main.v Line: 7
    Warning (13040): bidirectional pin "GPIO[6]" has no driver File: C:/Users/Lab PC/ENCE_3100_2025/ENCE_3100_2025/Lab_07/main.v Line: 7
    Warning (13040): bidirectional pin "GPIO[7]" has no driver File: C:/Users/Lab PC/ENCE_3100_2025/ENCE_3100_2025/Lab_07/main.v Line: 7
    Warning (13040): bidirectional pin "GPIO[8]" has no driver File: C:/Users/Lab PC/ENCE_3100_2025/ENCE_3100_2025/Lab_07/main.v Line: 7
    Warning (13040): bidirectional pin "GPIO[9]" has no driver File: C:/Users/Lab PC/ENCE_3100_2025/ENCE_3100_2025/Lab_07/main.v Line: 7
    Warning (13040): bidirectional pin "GPIO[10]" has no driver File: C:/Users/Lab PC/ENCE_3100_2025/ENCE_3100_2025/Lab_07/main.v Line: 7
    Warning (13040): bidirectional pin "GPIO[11]" has no driver File: C:/Users/Lab PC/ENCE_3100_2025/ENCE_3100_2025/Lab_07/main.v Line: 7
    Warning (13040): bidirectional pin "GPIO[12]" has no driver File: C:/Users/Lab PC/ENCE_3100_2025/ENCE_3100_2025/Lab_07/main.v Line: 7
    Warning (13040): bidirectional pin "GPIO[13]" has no driver File: C:/Users/Lab PC/ENCE_3100_2025/ENCE_3100_2025/Lab_07/main.v Line: 7
    Warning (13040): bidirectional pin "GPIO[14]" has no driver File: C:/Users/Lab PC/ENCE_3100_2025/ENCE_3100_2025/Lab_07/main.v Line: 7
    Warning (13040): bidirectional pin "GPIO[15]" has no driver File: C:/Users/Lab PC/ENCE_3100_2025/ENCE_3100_2025/Lab_07/main.v Line: 7
    Warning (13040): bidirectional pin "GPIO[16]" has no driver File: C:/Users/Lab PC/ENCE_3100_2025/ENCE_3100_2025/Lab_07/main.v Line: 7
    Warning (13040): bidirectional pin "GPIO[17]" has no driver File: C:/Users/Lab PC/ENCE_3100_2025/ENCE_3100_2025/Lab_07/main.v Line: 7
    Warning (13040): bidirectional pin "GPIO[18]" has no driver File: C:/Users/Lab PC/ENCE_3100_2025/ENCE_3100_2025/Lab_07/main.v Line: 7
    Warning (13040): bidirectional pin "GPIO[19]" has no driver File: C:/Users/Lab PC/ENCE_3100_2025/ENCE_3100_2025/Lab_07/main.v Line: 7
    Warning (13040): bidirectional pin "GPIO[20]" has no driver File: C:/Users/Lab PC/ENCE_3100_2025/ENCE_3100_2025/Lab_07/main.v Line: 7
    Warning (13040): bidirectional pin "GPIO[21]" has no driver File: C:/Users/Lab PC/ENCE_3100_2025/ENCE_3100_2025/Lab_07/main.v Line: 7
    Warning (13040): bidirectional pin "GPIO[22]" has no driver File: C:/Users/Lab PC/ENCE_3100_2025/ENCE_3100_2025/Lab_07/main.v Line: 7
    Warning (13040): bidirectional pin "GPIO[23]" has no driver File: C:/Users/Lab PC/ENCE_3100_2025/ENCE_3100_2025/Lab_07/main.v Line: 7
    Warning (13040): bidirectional pin "GPIO[24]" has no driver File: C:/Users/Lab PC/ENCE_3100_2025/ENCE_3100_2025/Lab_07/main.v Line: 7
    Warning (13040): bidirectional pin "GPIO[25]" has no driver File: C:/Users/Lab PC/ENCE_3100_2025/ENCE_3100_2025/Lab_07/main.v Line: 7
    Warning (13040): bidirectional pin "GPIO[26]" has no driver File: C:/Users/Lab PC/ENCE_3100_2025/ENCE_3100_2025/Lab_07/main.v Line: 7
    Warning (13040): bidirectional pin "GPIO[27]" has no driver File: C:/Users/Lab PC/ENCE_3100_2025/ENCE_3100_2025/Lab_07/main.v Line: 7
    Warning (13040): bidirectional pin "GPIO[28]" has no driver File: C:/Users/Lab PC/ENCE_3100_2025/ENCE_3100_2025/Lab_07/main.v Line: 7
    Warning (13040): bidirectional pin "GPIO[29]" has no driver File: C:/Users/Lab PC/ENCE_3100_2025/ENCE_3100_2025/Lab_07/main.v Line: 7
    Warning (13040): bidirectional pin "GPIO[30]" has no driver File: C:/Users/Lab PC/ENCE_3100_2025/ENCE_3100_2025/Lab_07/main.v Line: 7
    Warning (13040): bidirectional pin "GPIO[31]" has no driver File: C:/Users/Lab PC/ENCE_3100_2025/ENCE_3100_2025/Lab_07/main.v Line: 7
    Warning (13040): bidirectional pin "GPIO[32]" has no driver File: C:/Users/Lab PC/ENCE_3100_2025/ENCE_3100_2025/Lab_07/main.v Line: 7
    Warning (13040): bidirectional pin "GPIO[34]" has no driver File: C:/Users/Lab PC/ENCE_3100_2025/ENCE_3100_2025/Lab_07/main.v Line: 7
Info (13000): Registers with preset signals will power-up high File: C:/Users/Lab PC/ENCE_3100_2025/ENCE_3100_2025/Lab_07/fsm_word_detecter.v Line: 102
Info (13003): DEV_CLRn pin will set, and not reset, register with preset signal due to NOT Gate Push-Back
Warning (13009): TRI or OPNDRN buffers permanently enabled
    Warning (13010): Node "GPIO[33]~synth" File: C:/Users/Lab PC/ENCE_3100_2025/ENCE_3100_2025/Lab_07/main.v Line: 7
Warning (13024): Output pins are stuck at VCC or GND
    Warning (13410): Pin "LEDR[8]" is stuck at GND File: C:/Users/Lab PC/ENCE_3100_2025/ENCE_3100_2025/Lab_07/main.v Line: 6
    Warning (13410): Pin "LEDR[9]" is stuck at GND File: C:/Users/Lab PC/ENCE_3100_2025/ENCE_3100_2025/Lab_07/main.v Line: 6
    Warning (13410): Pin "HEX0[6]" is stuck at VCC File: C:/Users/Lab PC/ENCE_3100_2025/ENCE_3100_2025/Lab_07/main.v Line: 8
    Warning (13410): Pin "HEX1[0]" is stuck at VCC File: C:/Users/Lab PC/ENCE_3100_2025/ENCE_3100_2025/Lab_07/main.v Line: 8
    Warning (13410): Pin "HEX1[1]" is stuck at VCC File: C:/Users/Lab PC/ENCE_3100_2025/ENCE_3100_2025/Lab_07/main.v Line: 8
    Warning (13410): Pin "HEX1[2]" is stuck at VCC File: C:/Users/Lab PC/ENCE_3100_2025/ENCE_3100_2025/Lab_07/main.v Line: 8
    Warning (13410): Pin "HEX1[6]" is stuck at VCC File: C:/Users/Lab PC/ENCE_3100_2025/ENCE_3100_2025/Lab_07/main.v Line: 8
    Warning (13410): Pin "HEX2[0]" is stuck at VCC File: C:/Users/Lab PC/ENCE_3100_2025/ENCE_3100_2025/Lab_07/main.v Line: 8
    Warning (13410): Pin "HEX2[1]" is stuck at VCC File: C:/Users/Lab PC/ENCE_3100_2025/ENCE_3100_2025/Lab_07/main.v Line: 8
    Warning (13410): Pin "HEX2[2]" is stuck at VCC File: C:/Users/Lab PC/ENCE_3100_2025/ENCE_3100_2025/Lab_07/main.v Line: 8
    Warning (13410): Pin "HEX2[6]" is stuck at VCC File: C:/Users/Lab PC/ENCE_3100_2025/ENCE_3100_2025/Lab_07/main.v Line: 8
    Warning (13410): Pin "HEX3[1]" is stuck at VCC File: C:/Users/Lab PC/ENCE_3100_2025/ENCE_3100_2025/Lab_07/main.v Line: 8
    Warning (13410): Pin "HEX3[2]" is stuck at VCC File: C:/Users/Lab PC/ENCE_3100_2025/ENCE_3100_2025/Lab_07/main.v Line: 8
    Warning (13410): Pin "HEX4[0]" is stuck at VCC File: C:/Users/Lab PC/ENCE_3100_2025/ENCE_3100_2025/Lab_07/main.v Line: 8
    Warning (13410): Pin "HEX4[3]" is stuck at VCC File: C:/Users/Lab PC/ENCE_3100_2025/ENCE_3100_2025/Lab_07/main.v Line: 8
    Warning (13410): Pin "HEX5[0]" is stuck at VCC File: C:/Users/Lab PC/ENCE_3100_2025/ENCE_3100_2025/Lab_07/main.v Line: 8
    Warning (13410): Pin "HEX5[1]" is stuck at VCC File: C:/Users/Lab PC/ENCE_3100_2025/ENCE_3100_2025/Lab_07/main.v Line: 8
    Warning (13410): Pin "HEX5[2]" is stuck at VCC File: C:/Users/Lab PC/ENCE_3100_2025/ENCE_3100_2025/Lab_07/main.v Line: 8
    Warning (13410): Pin "HEX5[3]" is stuck at VCC File: C:/Users/Lab PC/ENCE_3100_2025/ENCE_3100_2025/Lab_07/main.v Line: 8
    Warning (13410): Pin "HEX5[4]" is stuck at VCC File: C:/Users/Lab PC/ENCE_3100_2025/ENCE_3100_2025/Lab_07/main.v Line: 8
    Warning (13410): Pin "HEX5[5]" is stuck at VCC File: C:/Users/Lab PC/ENCE_3100_2025/ENCE_3100_2025/Lab_07/main.v Line: 8
    Warning (13410): Pin "HEX5[6]" is stuck at VCC File: C:/Users/Lab PC/ENCE_3100_2025/ENCE_3100_2025/Lab_07/main.v Line: 8
    Warning (13410): Pin "HEX6[0]" is stuck at VCC File: C:/Users/Lab PC/ENCE_3100_2025/ENCE_3100_2025/Lab_07/main.v Line: 9
    Warning (13410): Pin "HEX6[1]" is stuck at VCC File: C:/Users/Lab PC/ENCE_3100_2025/ENCE_3100_2025/Lab_07/main.v Line: 9
    Warning (13410): Pin "HEX6[2]" is stuck at VCC File: C:/Users/Lab PC/ENCE_3100_2025/ENCE_3100_2025/Lab_07/main.v Line: 9
    Warning (13410): Pin "HEX6[3]" is stuck at VCC File: C:/Users/Lab PC/ENCE_3100_2025/ENCE_3100_2025/Lab_07/main.v Line: 9
    Warning (13410): Pin "HEX6[4]" is stuck at VCC File: C:/Users/Lab PC/ENCE_3100_2025/ENCE_3100_2025/Lab_07/main.v Line: 9
    Warning (13410): Pin "HEX6[5]" is stuck at VCC File: C:/Users/Lab PC/ENCE_3100_2025/ENCE_3100_2025/Lab_07/main.v Line: 9
    Warning (13410): Pin "HEX6[6]" is stuck at VCC File: C:/Users/Lab PC/ENCE_3100_2025/ENCE_3100_2025/Lab_07/main.v Line: 9
Info (286030): Timing-Driven Synthesis is running
Info (17049): 3 registers lost all their fanouts during netlist optimizations.
Warning (20013): Ignored 209 assignments for entity "DE10_LITE_Golden_Top" -- entity does not exist in design
    Warning (20014): Assignment for entity set_instance_assignment -name IO_STANDARD "3.3-V LVTTL" -to ADC_CLK_10 -entity DE10_LITE_Golden_Top was ignored
    Warning (20014): Assignment for entity set_instance_assignment -name IO_STANDARD "3.3-V LVTTL" -to ARDUINO_IO[0] -entity DE10_LITE_Golden_Top was ignored
    Warning (20014): Assignment for entity set_instance_assignment -name IO_STANDARD "3.3-V LVTTL" -to ARDUINO_IO[10] -entity DE10_LITE_Golden_Top was ignored
    Warning (20014): Assignment for entity set_instance_assignment -name IO_STANDARD "3.3-V LVTTL" -to ARDUINO_IO[11] -entity DE10_LITE_Golden_Top was ignored
    Warning (20014): Assignment for entity set_instance_assignment -name IO_STANDARD "3.3-V LVTTL" -to ARDUINO_IO[12] -entity DE10_LITE_Golden_Top was ignored
    Warning (20014): Assignment for entity set_instance_assignment -name IO_STANDARD "3.3-V LVTTL" -to ARDUINO_IO[13] -entity DE10_LITE_Golden_Top was ignored
    Warning (20014): Assignment for entity set_instance_assignment -name IO_STANDARD "3.3-V LVTTL" -to ARDUINO_IO[14] -entity DE10_LITE_Golden_Top was ignored
    Warning (20014): Assignment for entity set_instance_assignment -name IO_STANDARD "3.3-V LVTTL" -to ARDUINO_IO[15] -entity DE10_LITE_Golden_Top was ignored
    Warning (20014): Assignment for entity set_instance_assignment -name IO_STANDARD "3.3-V LVTTL" -to ARDUINO_IO[1] -entity DE10_LITE_Golden_Top was ignored
    Warning (20014): Assignment for entity set_instance_assignment -name IO_STANDARD "3.3-V LVTTL" -to ARDUINO_IO[2] -entity DE10_LITE_Golden_Top was ignored
    Warning (20014): Assignment for entity set_instance_assignment -name IO_STANDARD "3.3-V LVTTL" -to ARDUINO_IO[3] -entity DE10_LITE_Golden_Top was ignored
    Warning (20014): Assignment for entity set_instance_assignment -name IO_STANDARD "3.3-V LVTTL" -to ARDUINO_IO[4] -entity DE10_LITE_Golden_Top was ignored
    Warning (20014): Assignment for entity set_instance_assignment -name IO_STANDARD "3.3-V LVTTL" -to ARDUINO_IO[5] -entity DE10_LITE_Golden_Top was ignored
    Warning (20014): Assignment for entity set_instance_assignment -name IO_STANDARD "3.3-V LVTTL" -to ARDUINO_IO[6] -entity DE10_LITE_Golden_Top was ignored
    Warning (20014): Assignment for entity set_instance_assignment -name IO_STANDARD "3.3-V LVTTL" -to ARDUINO_IO[7] -entity DE10_LITE_Golden_Top was ignored
    Warning (20014): Assignment for entity set_instance_assignment -name IO_STANDARD "3.3-V LVTTL" -to ARDUINO_IO[8] -entity DE10_LITE_Golden_Top was ignored
    Warning (20014): Assignment for entity set_instance_assignment -name IO_STANDARD "3.3-V LVTTL" -to ARDUINO_IO[9] -entity DE10_LITE_Golden_Top was ignored
    Warning (20014): Assignment for entity set_instance_assignment -name IO_STANDARD "3.3-V LVTTL" -to ARDUINO_RESET_N -entity DE10_LITE_Golden_Top was ignored
    Warning (20014): Assignment for entity set_instance_assignment -name IO_STANDARD "3.3-V LVTTL" -to DRAM_ADDR[0] -entity DE10_LITE_Golden_Top was ignored
    Warning (20014): Assignment for entity set_instance_assignment -name IO_STANDARD "3.3-V LVTTL" -to DRAM_ADDR[10] -entity DE10_LITE_Golden_Top was ignored
    Warning (20014): Assignment for entity set_instance_assignment -name IO_STANDARD "3.3-V LVTTL" -to DRAM_ADDR[11] -entity DE10_LITE_Golden_Top was ignored
    Warning (20014): Assignment for entity set_instance_assignment -name IO_STANDARD "3.3-V LVTTL" -to DRAM_ADDR[12] -entity DE10_LITE_Golden_Top was ignored
    Warning (20014): Assignment for entity set_instance_assignment -name IO_STANDARD "3.3-V LVTTL" -to DRAM_ADDR[1] -entity DE10_LITE_Golden_Top was ignored
    Warning (20014): Assignment for entity set_instance_assignment -name IO_STANDARD "3.3-V LVTTL" -to DRAM_ADDR[2] -entity DE10_LITE_Golden_Top was ignored
    Warning (20014): Assignment for entity set_instance_assignment -name IO_STANDARD "3.3-V LVTTL" -to DRAM_ADDR[3] -entity DE10_LITE_Golden_Top was ignored
    Warning (20014): Assignment for entity set_instance_assignment -name IO_STANDARD "3.3-V LVTTL" -to DRAM_ADDR[4] -entity DE10_LITE_Golden_Top was ignored
    Warning (20014): Assignment for entity set_instance_assignment -name IO_STANDARD "3.3-V LVTTL" -to DRAM_ADDR[5] -entity DE10_LITE_Golden_Top was ignored
    Warning (20014): Assignment for entity set_instance_assignment -name IO_STANDARD "3.3-V LVTTL" -to DRAM_ADDR[6] -entity DE10_LITE_Golden_Top was ignored
    Warning (20014): Assignment for entity set_instance_assignment -name IO_STANDARD "3.3-V LVTTL" -to DRAM_ADDR[7] -entity DE10_LITE_Golden_Top was ignored
    Warning (20014): Assignment for entity set_instance_assignment -name IO_STANDARD "3.3-V LVTTL" -to DRAM_ADDR[8] -entity DE10_LITE_Golden_Top was ignored
    Warning (20014): Assignment for entity set_instance_assignment -name IO_STANDARD "3.3-V LVTTL" -to DRAM_ADDR[9] -entity DE10_LITE_Golden_Top was ignored
    Warning (20014): Assignment for entity set_instance_assignment -name IO_STANDARD "3.3-V LVTTL" -to DRAM_BA[0] -entity DE10_LITE_Golden_Top was ignored
    Warning (20014): Assignment for entity set_instance_assignment -name IO_STANDARD "3.3-V LVTTL" -to DRAM_BA[1] -entity DE10_LITE_Golden_Top was ignored
    Warning (20014): Assignment for entity set_instance_assignment -name IO_STANDARD "3.3-V LVTTL" -to DRAM_CAS_N -entity DE10_LITE_Golden_Top was ignored
    Warning (20014): Assignment for entity set_instance_assignment -name IO_STANDARD "3.3-V LVTTL" -to DRAM_CKE -entity DE10_LITE_Golden_Top was ignored
    Warning (20014): Assignment for entity set_instance_assignment -name IO_STANDARD "3.3-V LVTTL" -to DRAM_CLK -entity DE10_LITE_Golden_Top was ignored
    Warning (20014): Assignment for entity set_instance_assignment -name IO_STANDARD "3.3-V LVTTL" -to DRAM_CS_N -entity DE10_LITE_Golden_Top was ignored
    Warning (20014): Assignment for entity set_instance_assignment -name IO_STANDARD "3.3-V LVTTL" -to DRAM_DQ[0] -entity DE10_LITE_Golden_Top was ignored
    Warning (20014): Assignment for entity set_instance_assignment -name IO_STANDARD "3.3-V LVTTL" -to DRAM_DQ[10] -entity DE10_LITE_Golden_Top was ignored
    Warning (20014): Assignment for entity set_instance_assignment -name IO_STANDARD "3.3-V LVTTL" -to DRAM_DQ[11] -entity DE10_LITE_Golden_Top was ignored
    Warning (20014): Assignment for entity set_instance_assignment -name IO_STANDARD "3.3-V LVTTL" -to DRAM_DQ[12] -entity DE10_LITE_Golden_Top was ignored
    Warning (20014): Assignment for entity set_instance_assignment -name IO_STANDARD "3.3-V LVTTL" -to DRAM_DQ[13] -entity DE10_LITE_Golden_Top was ignored
    Warning (20014): Assignment for entity set_instance_assignment -name IO_STANDARD "3.3-V LVTTL" -to DRAM_DQ[14] -entity DE10_LITE_Golden_Top was ignored
    Warning (20014): Assignment for entity set_instance_assignment -name IO_STANDARD "3.3-V LVTTL" -to DRAM_DQ[15] -entity DE10_LITE_Golden_Top was ignored
    Warning (20014): Assignment for entity set_instance_assignment -name IO_STANDARD "3.3-V LVTTL" -to DRAM_DQ[1] -entity DE10_LITE_Golden_Top was ignored
    Warning (20014): Assignment for entity set_instance_assignment -name IO_STANDARD "3.3-V LVTTL" -to DRAM_DQ[2] -entity DE10_LITE_Golden_Top was ignored
    Warning (20014): Assignment for entity set_instance_assignment -name IO_STANDARD "3.3-V LVTTL" -to DRAM_DQ[3] -entity DE10_LITE_Golden_Top was ignored
    Warning (20014): Assignment for entity set_instance_assignment -name IO_STANDARD "3.3-V LVTTL" -to DRAM_DQ[4] -entity DE10_LITE_Golden_Top was ignored
    Warning (20014): Assignment for entity set_instance_assignment -name IO_STANDARD "3.3-V LVTTL" -to DRAM_DQ[5] -entity DE10_LITE_Golden_Top was ignored
    Warning (20014): Assignment for entity set_instance_assignment -name IO_STANDARD "3.3-V LVTTL" -to DRAM_DQ[6] -entity DE10_LITE_Golden_Top was ignored
    Warning (20014): Assignment for entity set_instance_assignment -name IO_STANDARD "3.3-V LVTTL" -to DRAM_DQ[7] -entity DE10_LITE_Golden_Top was ignored
    Warning (20014): Assignment for entity set_instance_assignment -name IO_STANDARD "3.3-V LVTTL" -to DRAM_DQ[8] -entity DE10_LITE_Golden_Top was ignored
    Warning (20014): Assignment for entity set_instance_assignment -name IO_STANDARD "3.3-V LVTTL" -to DRAM_DQ[9] -entity DE10_LITE_Golden_Top was ignored
    Warning (20014): Assignment for entity set_instance_assignment -name IO_STANDARD "3.3-V LVTTL" -to DRAM_LDQM -entity DE10_LITE_Golden_Top was ignored
    Warning (20014): Assignment for entity set_instance_assignment -name IO_STANDARD "3.3-V LVTTL" -to DRAM_RAS_N -entity DE10_LITE_Golden_Top was ignored
    Warning (20014): Assignment for entity set_instance_assignment -name IO_STANDARD "3.3-V LVTTL" -to DRAM_UDQM -entity DE10_LITE_Golden_Top was ignored
    Warning (20014): Assignment for entity set_instance_assignment -name IO_STANDARD "3.3-V LVTTL" -to DRAM_WE_N -entity DE10_LITE_Golden_Top was ignored
    Warning (20014): Assignment for entity set_instance_assignment -name IO_STANDARD "3.3-V LVTTL" -to GPIO[0] -entity DE10_LITE_Golden_Top was ignored
    Warning (20014): Assignment for entity set_instance_assignment -name IO_STANDARD "3.3-V LVTTL" -to GPIO[10] -entity DE10_LITE_Golden_Top was ignored
    Warning (20014): Assignment for entity set_instance_assignment -name IO_STANDARD "3.3-V LVTTL" -to GPIO[11] -entity DE10_LITE_Golden_Top was ignored
    Warning (20014): Assignment for entity set_instance_assignment -name IO_STANDARD "3.3-V LVTTL" -to GPIO[12] -entity DE10_LITE_Golden_Top was ignored
    Warning (20014): Assignment for entity set_instance_assignment -name IO_STANDARD "3.3-V LVTTL" -to GPIO[13] -entity DE10_LITE_Golden_Top was ignored
    Warning (20014): Assignment for entity set_instance_assignment -name IO_STANDARD "3.3-V LVTTL" -to GPIO[14] -entity DE10_LITE_Golden_Top was ignored
    Warning (20014): Assignment for entity set_instance_assignment -name IO_STANDARD "3.3-V LVTTL" -to GPIO[15] -entity DE10_LITE_Golden_Top was ignored
    Warning (20014): Assignment for entity set_instance_assignment -name IO_STANDARD "3.3-V LVTTL" -to GPIO[16] -entity DE10_LITE_Golden_Top was ignored
    Warning (20014): Assignment for entity set_instance_assignment -name IO_STANDARD "3.3-V LVTTL" -to GPIO[17] -entity DE10_LITE_Golden_Top was ignored
    Warning (20014): Assignment for entity set_instance_assignment -name IO_STANDARD "3.3-V LVTTL" -to GPIO[18] -entity DE10_LITE_Golden_Top was ignored
    Warning (20014): Assignment for entity set_instance_assignment -name IO_STANDARD "3.3-V LVTTL" -to GPIO[19] -entity DE10_LITE_Golden_Top was ignored
    Warning (20014): Assignment for entity set_instance_assignment -name IO_STANDARD "3.3-V LVTTL" -to GPIO[1] -entity DE10_LITE_Golden_Top was ignored
    Warning (20014): Assignment for entity set_instance_assignment -name IO_STANDARD "3.3-V LVTTL" -to GPIO[20] -entity DE10_LITE_Golden_Top was ignored
    Warning (20014): Assignment for entity set_instance_assignment -name IO_STANDARD "3.3-V LVTTL" -to GPIO[21] -entity DE10_LITE_Golden_Top was ignored
    Warning (20014): Assignment for entity set_instance_assignment -name IO_STANDARD "3.3-V LVTTL" -to GPIO[22] -entity DE10_LITE_Golden_Top was ignored
    Warning (20014): Assignment for entity set_instance_assignment -name IO_STANDARD "3.3-V LVTTL" -to GPIO[23] -entity DE10_LITE_Golden_Top was ignored
    Warning (20014): Assignment for entity set_instance_assignment -name IO_STANDARD "3.3-V LVTTL" -to GPIO[24] -entity DE10_LITE_Golden_Top was ignored
    Warning (20014): Assignment for entity set_instance_assignment -name IO_STANDARD "3.3-V LVTTL" -to GPIO[25] -entity DE10_LITE_Golden_Top was ignored
    Warning (20014): Assignment for entity set_instance_assignment -name IO_STANDARD "3.3-V LVTTL" -to GPIO[26] -entity DE10_LITE_Golden_Top was ignored
    Warning (20014): Assignment for entity set_instance_assignment -name IO_STANDARD "3.3-V LVTTL" -to GPIO[27] -entity DE10_LITE_Golden_Top was ignored
    Warning (20014): Assignment for entity set_instance_assignment -name IO_STANDARD "3.3-V LVTTL" -to GPIO[28] -entity DE10_LITE_Golden_Top was ignored
    Warning (20014): Assignment for entity set_instance_assignment -name IO_STANDARD "3.3-V LVTTL" -to GPIO[29] -entity DE10_LITE_Golden_Top was ignored
    Warning (20014): Assignment for entity set_instance_assignment -name IO_STANDARD "3.3-V LVTTL" -to GPIO[2] -entity DE10_LITE_Golden_Top was ignored
    Warning (20014): Assignment for entity set_instance_assignment -name IO_STANDARD "3.3-V LVTTL" -to GPIO[30] -entity DE10_LITE_Golden_Top was ignored
    Warning (20014): Assignment for entity set_instance_assignment -name IO_STANDARD "3.3-V LVTTL" -to GPIO[31] -entity DE10_LITE_Golden_Top was ignored
    Warning (20014): Assignment for entity set_instance_assignment -name IO_STANDARD "3.3-V LVTTL" -to GPIO[32] -entity DE10_LITE_Golden_Top was ignored
    Warning (20014): Assignment for entity set_instance_assignment -name IO_STANDARD "3.3-V LVTTL" -to GPIO[33] -entity DE10_LITE_Golden_Top was ignored
    Warning (20014): Assignment for entity set_instance_assignment -name IO_STANDARD "3.3-V LVTTL" -to GPIO[34] -entity DE10_LITE_Golden_Top was ignored
    Warning (20014): Assignment for entity set_instance_assignment -name IO_STANDARD "3.3-V LVTTL" -to GPIO[35] -entity DE10_LITE_Golden_Top was ignored
    Warning (20014): Assignment for entity set_instance_assignment -name IO_STANDARD "3.3-V LVTTL" -to GPIO[3] -entity DE10_LITE_Golden_Top was ignored
    Warning (20014): Assignment for entity set_instance_assignment -name IO_STANDARD "3.3-V LVTTL" -to GPIO[4] -entity DE10_LITE_Golden_Top was ignored
    Warning (20014): Assignment for entity set_instance_assignment -name IO_STANDARD "3.3-V LVTTL" -to GPIO[5] -entity DE10_LITE_Golden_Top was ignored
    Warning (20014): Assignment for entity set_instance_assignment -name IO_STANDARD "3.3-V LVTTL" -to GPIO[6] -entity DE10_LITE_Golden_Top was ignored
    Warning (20014): Assignment for entity set_instance_assignment -name IO_STANDARD "3.3-V LVTTL" -to GPIO[7] -entity DE10_LITE_Golden_Top was ignored
    Warning (20014): Assignment for entity set_instance_assignment -name IO_STANDARD "3.3-V LVTTL" -to GPIO[8] -entity DE10_LITE_Golden_Top was ignored
    Warning (20014): Assignment for entity set_instance_assignment -name IO_STANDARD "3.3-V LVTTL" -to GPIO[9] -entity DE10_LITE_Golden_Top was ignored
    Warning (20014): Assignment for entity set_instance_assignment -name IO_STANDARD "3.3-V LVTTL" -to GSENSOR_CS_N -entity DE10_LITE_Golden_Top was ignored
    Warning (20014): Assignment for entity set_instance_assignment -name IO_STANDARD "3.3-V LVTTL" -to GSENSOR_INT[1] -entity DE10_LITE_Golden_Top was ignored
    Warning (20014): Assignment for entity set_instance_assignment -name IO_STANDARD "3.3-V LVTTL" -to GSENSOR_INT[2] -entity DE10_LITE_Golden_Top was ignored
    Warning (20014): Assignment for entity set_instance_assignment -name IO_STANDARD "3.3-V LVTTL" -to GSENSOR_SCLK -entity DE10_LITE_Golden_Top was ignored
    Warning (20014): Assignment for entity set_instance_assignment -name IO_STANDARD "3.3-V LVTTL" -to GSENSOR_SDI -entity DE10_LITE_Golden_Top was ignored
    Warning (20014): Assignment for entity set_instance_assignment -name IO_STANDARD "3.3-V LVTTL" -to GSENSOR_SDO -entity DE10_LITE_Golden_Top was ignored
    Warning (20014): Assignment for entity set_instance_assignment -name IO_STANDARD "3.3-V LVTTL" -to HEX0[0] -entity DE10_LITE_Golden_Top was ignored
    Warning (20014): Assignment for entity set_instance_assignment -name IO_STANDARD "3.3-V LVTTL" -to HEX0[1] -entity DE10_LITE_Golden_Top was ignored
    Warning (20014): Assignment for entity set_instance_assignment -name IO_STANDARD "3.3-V LVTTL" -to HEX0[2] -entity DE10_LITE_Golden_Top was ignored
    Warning (20014): Assignment for entity set_instance_assignment -name IO_STANDARD "3.3-V LVTTL" -to HEX0[3] -entity DE10_LITE_Golden_Top was ignored
    Warning (20014): Assignment for entity set_instance_assignment -name IO_STANDARD "3.3-V LVTTL" -to HEX0[4] -entity DE10_LITE_Golden_Top was ignored
    Warning (20014): Assignment for entity set_instance_assignment -name IO_STANDARD "3.3-V LVTTL" -to HEX0[5] -entity DE10_LITE_Golden_Top was ignored
    Warning (20014): Assignment for entity set_instance_assignment -name IO_STANDARD "3.3-V LVTTL" -to HEX0[6] -entity DE10_LITE_Golden_Top was ignored
    Warning (20014): Assignment for entity set_instance_assignment -name IO_STANDARD "3.3-V LVTTL" -to HEX0[7] -entity DE10_LITE_Golden_Top was ignored
    Warning (20014): Assignment for entity set_instance_assignment -name IO_STANDARD "3.3-V LVTTL" -to HEX1[0] -entity DE10_LITE_Golden_Top was ignored
    Warning (20014): Assignment for entity set_instance_assignment -name IO_STANDARD "3.3-V LVTTL" -to HEX1[1] -entity DE10_LITE_Golden_Top was ignored
    Warning (20014): Assignment for entity set_instance_assignment -name IO_STANDARD "3.3-V LVTTL" -to HEX1[2] -entity DE10_LITE_Golden_Top was ignored
    Warning (20014): Assignment for entity set_instance_assignment -name IO_STANDARD "3.3-V LVTTL" -to HEX1[3] -entity DE10_LITE_Golden_Top was ignored
    Warning (20014): Assignment for entity set_instance_assignment -name IO_STANDARD "3.3-V LVTTL" -to HEX1[4] -entity DE10_LITE_Golden_Top was ignored
    Warning (20014): Assignment for entity set_instance_assignment -name IO_STANDARD "3.3-V LVTTL" -to HEX1[5] -entity DE10_LITE_Golden_Top was ignored
    Warning (20014): Assignment for entity set_instance_assignment -name IO_STANDARD "3.3-V LVTTL" -to HEX1[6] -entity DE10_LITE_Golden_Top was ignored
    Warning (20014): Assignment for entity set_instance_assignment -name IO_STANDARD "3.3-V LVTTL" -to HEX1[7] -entity DE10_LITE_Golden_Top was ignored
    Warning (20014): Assignment for entity set_instance_assignment -name IO_STANDARD "3.3-V LVTTL" -to HEX2[0] -entity DE10_LITE_Golden_Top was ignored
    Warning (20014): Assignment for entity set_instance_assignment -name IO_STANDARD "3.3-V LVTTL" -to HEX2[1] -entity DE10_LITE_Golden_Top was ignored
    Warning (20014): Assignment for entity set_instance_assignment -name IO_STANDARD "3.3-V LVTTL" -to HEX2[2] -entity DE10_LITE_Golden_Top was ignored
    Warning (20014): Assignment for entity set_instance_assignment -name IO_STANDARD "3.3-V LVTTL" -to HEX2[3] -entity DE10_LITE_Golden_Top was ignored
    Warning (20014): Assignment for entity set_instance_assignment -name IO_STANDARD "3.3-V LVTTL" -to HEX2[4] -entity DE10_LITE_Golden_Top was ignored
    Warning (20014): Assignment for entity set_instance_assignment -name IO_STANDARD "3.3-V LVTTL" -to HEX2[5] -entity DE10_LITE_Golden_Top was ignored
    Warning (20014): Assignment for entity set_instance_assignment -name IO_STANDARD "3.3-V LVTTL" -to HEX2[6] -entity DE10_LITE_Golden_Top was ignored
    Warning (20014): Assignment for entity set_instance_assignment -name IO_STANDARD "3.3-V LVTTL" -to HEX2[7] -entity DE10_LITE_Golden_Top was ignored
    Warning (20014): Assignment for entity set_instance_assignment -name IO_STANDARD "3.3-V LVTTL" -to HEX3[0] -entity DE10_LITE_Golden_Top was ignored
    Warning (20014): Assignment for entity set_instance_assignment -name IO_STANDARD "3.3-V LVTTL" -to HEX3[1] -entity DE10_LITE_Golden_Top was ignored
    Warning (20014): Assignment for entity set_instance_assignment -name IO_STANDARD "3.3-V LVTTL" -to HEX3[2] -entity DE10_LITE_Golden_Top was ignored
    Warning (20014): Assignment for entity set_instance_assignment -name IO_STANDARD "3.3-V LVTTL" -to HEX3[3] -entity DE10_LITE_Golden_Top was ignored
    Warning (20014): Assignment for entity set_instance_assignment -name IO_STANDARD "3.3-V LVTTL" -to HEX3[4] -entity DE10_LITE_Golden_Top was ignored
    Warning (20014): Assignment for entity set_instance_assignment -name IO_STANDARD "3.3-V LVTTL" -to HEX3[5] -entity DE10_LITE_Golden_Top was ignored
    Warning (20014): Assignment for entity set_instance_assignment -name IO_STANDARD "3.3-V LVTTL" -to HEX3[6] -entity DE10_LITE_Golden_Top was ignored
    Warning (20014): Assignment for entity set_instance_assignment -name IO_STANDARD "3.3-V LVTTL" -to HEX3[7] -entity DE10_LITE_Golden_Top was ignored
    Warning (20014): Assignment for entity set_instance_assignment -name IO_STANDARD "3.3-V LVTTL" -to HEX4[0] -entity DE10_LITE_Golden_Top was ignored
    Warning (20014): Assignment for entity set_instance_assignment -name IO_STANDARD "3.3-V LVTTL" -to HEX4[1] -entity DE10_LITE_Golden_Top was ignored
    Warning (20014): Assignment for entity set_instance_assignment -name IO_STANDARD "3.3-V LVTTL" -to HEX4[2] -entity DE10_LITE_Golden_Top was ignored
    Warning (20014): Assignment for entity set_instance_assignment -name IO_STANDARD "3.3-V LVTTL" -to HEX4[3] -entity DE10_LITE_Golden_Top was ignored
    Warning (20014): Assignment for entity set_instance_assignment -name IO_STANDARD "3.3-V LVTTL" -to HEX4[4] -entity DE10_LITE_Golden_Top was ignored
    Warning (20014): Assignment for entity set_instance_assignment -name IO_STANDARD "3.3-V LVTTL" -to HEX4[5] -entity DE10_LITE_Golden_Top was ignored
    Warning (20014): Assignment for entity set_instance_assignment -name IO_STANDARD "3.3-V LVTTL" -to HEX4[6] -entity DE10_LITE_Golden_Top was ignored
    Warning (20014): Assignment for entity set_instance_assignment -name IO_STANDARD "3.3-V LVTTL" -to HEX4[7] -entity DE10_LITE_Golden_Top was ignored
    Warning (20014): Assignment for entity set_instance_assignment -name IO_STANDARD "3.3-V LVTTL" -to HEX5[0] -entity DE10_LITE_Golden_Top was ignored
    Warning (20014): Assignment for entity set_instance_assignment -name IO_STANDARD "3.3-V LVTTL" -to HEX5[1] -entity DE10_LITE_Golden_Top was ignored
    Warning (20014): Assignment for entity set_instance_assignment -name IO_STANDARD "3.3-V LVTTL" -to HEX5[2] -entity DE10_LITE_Golden_Top was ignored
    Warning (20014): Assignment for entity set_instance_assignment -name IO_STANDARD "3.3-V LVTTL" -to HEX5[3] -entity DE10_LITE_Golden_Top was ignored
    Warning (20014): Assignment for entity set_instance_assignment -name IO_STANDARD "3.3-V LVTTL" -to HEX5[4] -entity DE10_LITE_Golden_Top was ignored
    Warning (20014): Assignment for entity set_instance_assignment -name IO_STANDARD "3.3-V LVTTL" -to HEX5[5] -entity DE10_LITE_Golden_Top was ignored
    Warning (20014): Assignment for entity set_instance_assignment -name IO_STANDARD "3.3-V LVTTL" -to HEX5[6] -entity DE10_LITE_Golden_Top was ignored
    Warning (20014): Assignment for entity set_instance_assignment -name IO_STANDARD "3.3-V LVTTL" -to HEX5[7] -entity DE10_LITE_Golden_Top was ignored
    Warning (20014): Assignment for entity set_instance_assignment -name IO_STANDARD "3.3 V SCHMITT TRIGGER" -to KEY[0] -entity DE10_LITE_Golden_Top was ignored
    Warning (20014): Assignment for entity set_instance_assignment -name IO_STANDARD "3.3 V SCHMITT TRIGGER" -to KEY[1] -entity DE10_LITE_Golden_Top was ignored
    Warning (20014): Assignment for entity set_instance_assignment -name IO_STANDARD "3.3-V LVTTL" -to LEDR[0] -entity DE10_LITE_Golden_Top was ignored
    Warning (20014): Assignment for entity set_instance_assignment -name IO_STANDARD "3.3-V LVTTL" -to LEDR[1] -entity DE10_LITE_Golden_Top was ignored
    Warning (20014): Assignment for entity set_instance_assignment -name IO_STANDARD "3.3-V LVTTL" -to LEDR[2] -entity DE10_LITE_Golden_Top was ignored
    Warning (20014): Assignment for entity set_instance_assignment -name IO_STANDARD "3.3-V LVTTL" -to LEDR[3] -entity DE10_LITE_Golden_Top was ignored
    Warning (20014): Assignment for entity set_instance_assignment -name IO_STANDARD "3.3-V LVTTL" -to LEDR[4] -entity DE10_LITE_Golden_Top was ignored
    Warning (20014): Assignment for entity set_instance_assignment -name IO_STANDARD "3.3-V LVTTL" -to LEDR[5] -entity DE10_LITE_Golden_Top was ignored
    Warning (20014): Assignment for entity set_instance_assignment -name IO_STANDARD "3.3-V LVTTL" -to LEDR[6] -entity DE10_LITE_Golden_Top was ignored
    Warning (20014): Assignment for entity set_instance_assignment -name IO_STANDARD "3.3-V LVTTL" -to LEDR[7] -entity DE10_LITE_Golden_Top was ignored
    Warning (20014): Assignment for entity set_instance_assignment -name IO_STANDARD "3.3-V LVTTL" -to LEDR[8] -entity DE10_LITE_Golden_Top was ignored
    Warning (20014): Assignment for entity set_instance_assignment -name IO_STANDARD "3.3-V LVTTL" -to LEDR[9] -entity DE10_LITE_Golden_Top was ignored
    Warning (20014): Assignment for entity set_instance_assignment -name IO_STANDARD "3.3-V LVTTL" -to MAX10_CLK1_50 -entity DE10_LITE_Golden_Top was ignored
    Warning (20014): Assignment for entity set_instance_assignment -name IO_STANDARD "3.3-V LVTTL" -to MAX10_CLK2_50 -entity DE10_LITE_Golden_Top was ignored
    Warning (20014): Assignment for entity set_instance_assignment -name IO_STANDARD "3.3-V LVTTL" -to SW[0] -entity DE10_LITE_Golden_Top was ignored
    Warning (20014): Assignment for entity set_instance_assignment -name IO_STANDARD "3.3-V LVTTL" -to SW[1] -entity DE10_LITE_Golden_Top was ignored
    Warning (20014): Assignment for entity set_instance_assignment -name IO_STANDARD "3.3-V LVTTL" -to SW[2] -entity DE10_LITE_Golden_Top was ignored
    Warning (20014): Assignment for entity set_instance_assignment -name IO_STANDARD "3.3-V LVTTL" -to SW[3] -entity DE10_LITE_Golden_Top was ignored
    Warning (20014): Assignment for entity set_instance_assignment -name IO_STANDARD "3.3-V LVTTL" -to SW[4] -entity DE10_LITE_Golden_Top was ignored
    Warning (20014): Assignment for entity set_instance_assignment -name IO_STANDARD "3.3-V LVTTL" -to SW[5] -entity DE10_LITE_Golden_Top was ignored
    Warning (20014): Assignment for entity set_instance_assignment -name IO_STANDARD "3.3-V LVTTL" -to SW[6] -entity DE10_LITE_Golden_Top was ignored
    Warning (20014): Assignment for entity set_instance_assignment -name IO_STANDARD "3.3-V LVTTL" -to SW[7] -entity DE10_LITE_Golden_Top was ignored
    Warning (20014): Assignment for entity set_instance_assignment -name IO_STANDARD "3.3-V LVTTL" -to SW[8] -entity DE10_LITE_Golden_Top was ignored
    Warning (20014): Assignment for entity set_instance_assignment -name IO_STANDARD "3.3-V LVTTL" -to SW[9] -entity DE10_LITE_Golden_Top was ignored
    Warning (20014): Assignment for entity set_instance_assignment -name IO_STANDARD "3.3-V LVTTL" -to VGA_B[0] -entity DE10_LITE_Golden_Top was ignored
    Warning (20014): Assignment for entity set_instance_assignment -name IO_STANDARD "3.3-V LVTTL" -to VGA_B[1] -entity DE10_LITE_Golden_Top was ignored
    Warning (20014): Assignment for entity set_instance_assignment -name IO_STANDARD "3.3-V LVTTL" -to VGA_B[2] -entity DE10_LITE_Golden_Top was ignored
    Warning (20014): Assignment for entity set_instance_assignment -name IO_STANDARD "3.3-V LVTTL" -to VGA_B[3] -entity DE10_LITE_Golden_Top was ignored
    Warning (20014): Assignment for entity set_instance_assignment -name IO_STANDARD "3.3-V LVTTL" -to VGA_G[0] -entity DE10_LITE_Golden_Top was ignored
    Warning (20014): Assignment for entity set_instance_assignment -name IO_STANDARD "3.3-V LVTTL" -to VGA_G[1] -entity DE10_LITE_Golden_Top was ignored
    Warning (20014): Assignment for entity set_instance_assignment -name IO_STANDARD "3.3-V LVTTL" -to VGA_G[2] -entity DE10_LITE_Golden_Top was ignored
    Warning (20014): Assignment for entity set_instance_assignment -name IO_STANDARD "3.3-V LVTTL" -to VGA_G[3] -entity DE10_LITE_Golden_Top was ignored
    Warning (20014): Assignment for entity set_instance_assignment -name IO_STANDARD "3.3-V LVTTL" -to VGA_HS -entity DE10_LITE_Golden_Top was ignored
    Warning (20014): Assignment for entity set_instance_assignment -name IO_STANDARD "3.3-V LVTTL" -to VGA_R[0] -entity DE10_LITE_Golden_Top was ignored
    Warning (20014): Assignment for entity set_instance_assignment -name IO_STANDARD "3.3-V LVTTL" -to VGA_R[1] -entity DE10_LITE_Golden_Top was ignored
    Warning (20014): Assignment for entity set_instance_assignment -name IO_STANDARD "3.3-V LVTTL" -to VGA_R[2] -entity DE10_LITE_Golden_Top was ignored
    Warning (20014): Assignment for entity set_instance_assignment -name IO_STANDARD "3.3-V LVTTL" -to VGA_R[3] -entity DE10_LITE_Golden_Top was ignored
    Warning (20014): Assignment for entity set_instance_assignment -name IO_STANDARD "3.3-V LVTTL" -to VGA_VS -entity DE10_LITE_Golden_Top was ignored
    Warning (20014): Assignment for entity set_instance_assignment -name PARTITION_HIERARCHY root_partition -to | -entity DE10_LITE_Golden_Top -section_id Top was ignored
    Warning (20014): Assignment for entity set_global_assignment -name PARTITION_NETLIST_TYPE SOURCE -entity DE10_LITE_Golden_Top -section_id Top was ignored
    Warning (20014): Assignment for entity set_global_assignment -name PARTITION_FITTER_PRESERVATION_LEVEL PLACEMENT_AND_ROUTING -entity DE10_LITE_Golden_Top -section_id Top was ignored
    Warning (20014): Assignment for entity set_global_assignment -name PARTITION_PRESERVE_HIGH_SPEED_TILES ON -entity DE10_LITE_Golden_Top -section_id Top was ignored
    Warning (20014): Assignment for entity set_global_assignment -name PARTITION_IGNORE_SOURCE_FILE_CHANGES OFF -entity DE10_LITE_Golden_Top -section_id Top was ignored
    Warning (20014): Assignment for entity set_global_assignment -name PARTITION_ALWAYS_USE_QXP_NETLIST OFF -entity DE10_LITE_Golden_Top -section_id Top was ignored
    Warning (20014): Assignment for entity set_global_assignment -name PARTITION_COLOR 16764057 -entity DE10_LITE_Golden_Top -section_id Top was ignored
    Warning (20014): Assignment for entity set_global_assignment -name PARTITION_IMPORT_ASSIGNMENTS ON -entity DE10_LITE_Golden_Top -section_id Top was ignored
    Warning (20014): Assignment for entity set_global_assignment -name PARTITION_IMPORT_EXISTING_ASSIGNMENTS REPLACE_CONFLICTING -entity DE10_LITE_Golden_Top -section_id Top was ignored
    Warning (20014): Assignment for entity set_global_assignment -name PARTITION_IMPORT_EXISTING_LOGICLOCK_REGIONS UPDATE_CONFLICTING -entity DE10_LITE_Golden_Top -section_id Top was ignored
    Warning (20014): Assignment for entity set_global_assignment -name PARTITION_IMPORT_PIN_ASSIGNMENTS ON -entity DE10_LITE_Golden_Top -section_id Top was ignored
    Warning (20014): Assignment for entity set_global_assignment -name PARTITION_IMPORT_PROMOTE_ASSIGNMENTS ON -entity DE10_LITE_Golden_Top -section_id Top was ignored
    Warning (20014): Assignment for entity set_global_assignment -name PARTITION_TYPE STANDARD_PARTITION -entity DE10_LITE_Golden_Top -section_id Top was ignored
    Warning (20014): Assignment for entity set_global_assignment -name ALLOW_MULTIPLE_PERSONAS OFF -entity DE10_LITE_Golden_Top -section_id Top was ignored
    Warning (20014): Assignment for entity set_global_assignment -name PARTITION_ASD_REGION_ID 1 -entity DE10_LITE_Golden_Top -section_id Top was ignored
    Warning (20014): Assignment for entity set_global_assignment -name CROSS_BOUNDARY_OPTIMIZATIONS OFF -entity DE10_LITE_Golden_Top -section_id Top was ignored
    Warning (20014): Assignment for entity set_global_assignment -name PROPAGATE_CONSTANTS_ON_INPUTS ON -entity DE10_LITE_Golden_Top -section_id Top was ignored
    Warning (20014): Assignment for entity set_global_assignment -name PROPAGATE_INVERSIONS_ON_INPUTS ON -entity DE10_LITE_Golden_Top -section_id Top was ignored
    Warning (20014): Assignment for entity set_global_assignment -name REMOVE_LOGIC_ON_UNCONNECTED_OUTPUTS ON -entity DE10_LITE_Golden_Top -section_id Top was ignored
    Warning (20014): Assignment for entity set_global_assignment -name MERGE_EQUIVALENT_INPUTS ON -entity DE10_LITE_Golden_Top -section_id Top was ignored
    Warning (20014): Assignment for entity set_global_assignment -name MERGE_EQUIVALENT_BIDIRS ON -entity DE10_LITE_Golden_Top -section_id Top was ignored
    Warning (20014): Assignment for entity set_global_assignment -name ABSORB_PATHS_FROM_OUTPUTS_TO_INPUTS ON -entity DE10_LITE_Golden_Top -section_id Top was ignored
    Warning (20014): Assignment for entity set_global_assignment -name PARTITION_EXTRACT_HARD_BLOCK_NODES ON -entity DE10_LITE_Golden_Top -section_id Top was ignored
    Warning (20014): Assignment for entity set_global_assignment -name PARTITION_ENABLE_STRICT_PRESERVATION OFF -entity DE10_LITE_Golden_Top -section_id Top was ignored
Info (16010): Generating hard_block partition "hard_block:auto_generated_inst"
    Info (16011): Adding 0 node(s), including 0 DDIO, 0 PLL, 0 transceiver and 0 LCELL
Warning (21074): Design contains 9 input pin(s) that do not drive logic
    Warning (15610): No output dependent on input pin "SW[0]" File: C:/Users/Lab PC/ENCE_3100_2025/ENCE_3100_2025/Lab_07/main.v Line: 5
    Warning (15610): No output dependent on input pin "SW[1]" File: C:/Users/Lab PC/ENCE_3100_2025/ENCE_3100_2025/Lab_07/main.v Line: 5
    Warning (15610): No output dependent on input pin "SW[2]" File: C:/Users/Lab PC/ENCE_3100_2025/ENCE_3100_2025/Lab_07/main.v Line: 5
    Warning (15610): No output dependent on input pin "SW[3]" File: C:/Users/Lab PC/ENCE_3100_2025/ENCE_3100_2025/Lab_07/main.v Line: 5
    Warning (15610): No output dependent on input pin "SW[4]" File: C:/Users/Lab PC/ENCE_3100_2025/ENCE_3100_2025/Lab_07/main.v Line: 5
    Warning (15610): No output dependent on input pin "SW[5]" File: C:/Users/Lab PC/ENCE_3100_2025/ENCE_3100_2025/Lab_07/main.v Line: 5
    Warning (15610): No output dependent on input pin "SW[6]" File: C:/Users/Lab PC/ENCE_3100_2025/ENCE_3100_2025/Lab_07/main.v Line: 5
    Warning (15610): No output dependent on input pin "SW[7]" File: C:/Users/Lab PC/ENCE_3100_2025/ENCE_3100_2025/Lab_07/main.v Line: 5
    Warning (15610): No output dependent on input pin "SW[8]" File: C:/Users/Lab PC/ENCE_3100_2025/ENCE_3100_2025/Lab_07/main.v Line: 5
Info (21057): Implemented 559 device resources after synthesis - the final resource count might be different
    Info (21058): Implemented 11 input pins
    Info (21059): Implemented 59 output pins
    Info (21060): Implemented 36 bidirectional pins
    Info (21061): Implemented 453 logic cells
Info: Quartus Prime Analysis & Synthesis was successful. 0 errors, 308 warnings
    Info: Peak virtual memory: 4808 megabytes
    Info: Processing ended: Tue Oct 28 08:40:12 2025
    Info: Elapsed time: 00:00:11
    Info: Total CPU time (on all processors): 00:00:23


